#
# A fatal error has been detected by the Java Runtime Environment:
#
#  EXCEPTION_ACCESS_VIOLATION (0xc0000005) at pc=0x00007ffce30725a6, pid=16792, tid=13008
#
# JRE version: OpenJDK Runtime Environment (11.0.8+10) (build 11.0.8+10-b944.6842174)
# Java VM: OpenJDK 64-Bit Server VM (11.0.8+10-b944.6842174, mixed mode, tiered, compressed oops, g1 gc, windows-amd64)
# Problematic frame:
# V  [jvm.dll+0x2b25a6]
#
# No core dump will be written. Minidumps are not enabled by default on client versions of Windows
#
# If you would like to submit a bug report, please visit:
#   https://bugreport.java.com/bugreport/crash.jsp
#

---------------  S U M M A R Y ------------

Command Line: --add-opens=java.base/java.util=ALL-UNNAMED --add-opens=java.base/java.lang=ALL-UNNAMED --add-opens=java.base/java.lang.invoke=ALL-UNNAMED --add-opens=java.prefs/java.util.prefs=ALL-UNNAMED -Xmx2048m -Dfile.encoding=UTF-8 -Duser.country=US -Duser.language=en -Duser.variant org.gradle.launcher.daemon.bootstrap.GradleDaemon 6.7.1

Host: Intel(R) Core(TM) i7-4720HQ CPU @ 2.60GHz, 8 cores, 15G,  Windows 10 , 64 bit Build 19041 (10.0.19041.1023)
Time: Thu Sep 23 13:29:37 2021 Sri Lanka Standard Time elapsed time: 2 seconds (0d 0h 0m 2s)

---------------  T H R E A D  ---------------

Current thread (0x0000021b28cf9800):  JavaThread "C2 CompilerThread1" daemon [_thread_in_native, id=13008, stack(0x000000dc5d200000,0x000000dc5d300000)]


Current CompileTask:
C2:   2441 2173       4       java.net.URLClassLoader$1::run (5 bytes)

Stack: [0x000000dc5d200000,0x000000dc5d300000],  sp=0x000000dc5d2faf20,  free space=1003k
Native frames: (J=compiled Java code, j=interpreted, Vv=VM code, C=native code)
V  [jvm.dll+0x2b25a6]
V  [jvm.dll+0x502098]
V  [jvm.dll+0x1ff393]
V  [jvm.dll+0x1f917c]
V  [jvm.dll+0x1f685f]
V  [jvm.dll+0x17f32c]
V  [jvm.dll+0x205047]
V  [jvm.dll+0x203891]
V  [jvm.dll+0x6dad3f]
V  [jvm.dll+0x6d3895]
V  [jvm.dll+0x5dd4a6]
C  [ucrtbase.dll+0x21bb2]
C  [KERNEL32.DLL+0x17034]
C  [ntdll.dll+0x52651]


siginfo: EXCEPTION_ACCESS_VIOLATION (0xc0000005), reading address 0xffffffffffffffff


Register to memory mapping:

RIP=0x00007ffce30725a6 jvm.dll
RAX=0x0000000000000a0b is an unknown value
RBX=0x0 is NULL
RCX=0x0000021b2ea1f3c0 points into unknown readable memory: f8 9d cc 2b 1b 02 00 00
RDX=0x0000021b2ea1f440 points into unknown readable memory: c0 f3 a1 2e 1b 02 00 20
RSP=0x000000dc5d2faf20 is pointing into the stack for thread: 0x0000021b28cf9800
RBP=0x0000021b2e9ed050 points into unknown readable memory: 00 00 00 00 00 00 00 00
RSI=0x0 is NULL
RDI=0x000000dc5d2fb470 is pointing into the stack for thread: 0x0000021b28cf9800
R8 =0x2000021b2ea1f3c0 is an unknown value
R9 =0x0000000000000458 is an unknown value
R10=0x0000000000000e64 is an unknown value
R11=0x0000021b2e9ed0f0 points into unknown readable memory: b0 ff a2 29 1b 02 00 00
R12=0x0000021b2b249400 points into unknown readable memory: 40 d0 9e 2e 1b 02 00 00
R13=0x0000021b2b256320 points into unknown readable memory: 00 00 00 00 00 00 00 00
R14=0x0000021b28933e30 points into unknown readable memory: 06 00 00 00 00 00 00 00
R15=0x0000021b2c729fa0 points into unknown readable memory: 01 00 00 00 ff ff ff ff


Registers:
RAX=0x0000000000000a0b, RBX=0x0000000000000000, RCX=0x0000021b2ea1f3c0, RDX=0x0000021b2ea1f440
RSP=0x000000dc5d2faf20, RBP=0x0000021b2e9ed050, RSI=0x0000000000000000, RDI=0x000000dc5d2fb470
R8 =0x2000021b2ea1f3c0, R9 =0x0000000000000458, R10=0x0000000000000e64, R11=0x0000021b2e9ed0f0
R12=0x0000021b2b249400, R13=0x0000021b2b256320, R14=0x0000021b28933e30, R15=0x0000021b2c729fa0
RIP=0x00007ffce30725a6, EFLAGS=0x0000000000010206

Top of Stack: (sp=0x000000dc5d2faf20)
0x000000dc5d2faf20:   0000021b2e9ed0a0 0000021b2e9ed050
0x000000dc5d2faf30:   0000000000000000 0000000000000002
0x000000dc5d2faf40:   0000000000000000 0000021b2e9ed050
0x000000dc5d2faf50:   0000021b28933e30 0000021b2b249400
0x000000dc5d2faf60:   0000021b2b256320 00000000002665b8
0x000000dc5d2faf70:   0000021b2b256320 00007ffce361cb68
0x000000dc5d2faf80:   0000021b28933e30 00007ffc00000200
0x000000dc5d2faf90:   0000021b2975c240 0000000000000001
0x000000dc5d2fafa0:   000000000173be9f 0000021b28933e30
0x000000dc5d2fafb0:   0000000000000009 0000021b28a25a80
0x000000dc5d2fafc0:   0000000000000000 000000dc5d2fb470
0x000000dc5d2fafd0:   000000dc5d2fdf01 000000dc5d2fb0f0
0x000000dc5d2fafe0:   0000000000000000 00007ffce32c2098
0x000000dc5d2faff0:   000000dc5d2fb470 000000dc00000e64
0x000000dc5d2fb000:   0000021b2c729fa0 0000021b2e9ed0a0
0x000000dc5d2fb010:   0000021b28933e30 0000000000020020 

Instructions: (pc=0x00007ffce30725a6)
0x00007ffce30724a6:   3b 43 30 72 0f 48 8b 43 20 8b d1 48 8d 4b 20 ff
0x00007ffce30724b6:   50 18 eb 25 83 e1 1f 41 b8 01 00 00 00 41 d3 e0
0x00007ffce30724c6:   8b c8 48 8b 43 38 48 8d 14 88 8b 0c 88 8b c1 41
0x00007ffce30724d6:   0b c8 89 0a 41 23 c0 75 28 8b 7b 18 8d 47 01 89
0x00007ffce30724e6:   43 18 3b 7b 08 72 0a 8b d7 48 8b cb e8 09 be 30
0x00007ffce30724f6:   00 48 8b 43 10 48 89 34 f8 48 8b bc 24 d0 00 00
0x00007ffce3072506:   00 41 8b d7 48 8b ce e8 be b0 30 00 49 83 c6 08
0x00007ffce3072516:   48 ff c5 49 3b ec 0f 82 4e ff ff ff 33 f6 41 ff
0x00007ffce3072526:   cf 41 ff c7 45 3b 7d 18 0f 82 2c fe ff ff 4c 8b
0x00007ffce3072536:   b4 24 e8 00 00 00 48 8b 6c 24 28 4c 8b bc 24 e0
0x00007ffce3072546:   00 00 00 49 83 ee 50 48 83 6c 24 20 01 4c 89 b4
0x00007ffce3072556:   24 e8 00 00 00 0f 85 5f fc ff ff 8b 84 24 d8 00
0x00007ffce3072566:   00 00 4c 8b 74 24 30 4c 8b 64 24 38 4c 8b 6c 24
0x00007ffce3072576:   40 4c 63 d0 49 83 fa 02 7e 3f 48 8d 95 d0 00 00
0x00007ffce3072586:   00 4d 8d 4a fe 0f 1f 44 00 00 8b 42 d8 4c 8b 02
0x00007ffce3072596:   48 8d 0c 80 48 c1 e1 04 48 03 cd 4c 3b c1 74 07
0x00007ffce30725a6:   49 8b 40 30 48 89 02 48 89 72 10 48 89 72 18 48
0x00007ffce30725b6:   83 c2 50 49 83 e9 01 75 d1 48 8b 47 10 48 8b 88
0x00007ffce30725c6:   38 02 00 00 8b 41 28 41 8b 0c 87 48 8d 3c 89 48
0x00007ffce30725d6:   c1 e7 04 48 03 fd 48 89 77 30 48 89 77 10 48 89
0x00007ffce30725e6:   77 40 48 89 77 48 49 83 fa 01 7e 5f 4c 8d 45 50
0x00007ffce30725f6:   49 ff ca 48 8b ac 24 d0 00 00 00 4d 8b 48 30 4d
0x00007ffce3072606:   85 c9 74 22 49 8b 00 48 8b 8d f8 09 00 00 8b 50
0x00007ffce3072616:   28 49 8b 01 48 89 04 d1 49 8b 41 40 49 89 40 48
0x00007ffce3072626:   4d 89 41 40 eb 19 48 8b 45 10 48 8b 88 38 02 00
0x00007ffce3072636:   00 48 8b 85 f8 09 00 00 8b 51 28 48 89 34 d0 49
0x00007ffce3072646:   83 c0 50 49 83 ea 01 75 b2 eb 08 48 8b ac 24 d0
0x00007ffce3072656:   00 00 00 48 8b 45 10 33 d2 48 8b 9d 00 0a 00 00
0x00007ffce3072666:   8b 88 a8 01 00 00 ff c1 48 c1 e1 03 e8 09 7a 38
0x00007ffce3072676:   00 4c 8b c8 48 89 38 4c 8d 40 08 ff c6 4d 8b d0
0x00007ffce3072686:   66 66 0f 1f 84 00 00 00 00 00 49 8b 09 49 83 c1
0x00007ffce3072696:   08 66 0f 1f 84 00 00 00 00 00 48 8b 01 8b 50 28 


Stack slot to memory mapping:
stack at sp + 0 slots: 0x0000021b2e9ed0a0 points into unknown readable memory: 40 cd 95 28 1b 02 00 00
stack at sp + 1 slots: 0x0000021b2e9ed050 points into unknown readable memory: 00 00 00 00 00 00 00 00
stack at sp + 2 slots: 0x0 is NULL
stack at sp + 3 slots: 0x0000000000000002 is an unknown value
stack at sp + 4 slots: 0x0 is NULL
stack at sp + 5 slots: 0x0000021b2e9ed050 points into unknown readable memory: 00 00 00 00 00 00 00 00
stack at sp + 6 slots: 0x0000021b28933e30 points into unknown readable memory: 06 00 00 00 00 00 00 00
stack at sp + 7 slots: 0x0000021b2b249400 points into unknown readable memory: 40 d0 9e 2e 1b 02 00 00


---------------  P R O C E S S  ---------------

Threads class SMR info:
_java_thread_list=0x0000021b2b453d80, length=47, elements={
0x0000021b0db8f800, 0x0000021b2877b800, 0x0000021b2877d000, 0x0000021b287dd000,
0x0000021b287de000, 0x0000021b287e0000, 0x0000021b287e4000, 0x0000021b287ea000,
0x0000021b28956000, 0x0000021b28958000, 0x0000021b28cf9800, 0x0000021b299a2000,
0x0000021b2b316800, 0x0000021b2b3d0000, 0x0000021b2aaf4000, 0x0000021b2b526800,
0x0000021b2a148000, 0x0000021b2ab01000, 0x0000021b2bfeb000, 0x0000021b2ae77000,
0x0000021b2be50800, 0x0000021b2aad0800, 0x0000021b2aad2000, 0x0000021b2aad5800,
0x0000021b2aad1800, 0x0000021b2aad4800, 0x0000021b2aad7000, 0x0000021b2aad6800,
0x0000021b2aad3000, 0x0000021b2b412000, 0x0000021b2aad4000, 0x0000021b2da35000,
0x0000021b2da33000, 0x0000021b2da34000, 0x0000021b2da30000, 0x0000021b2da35800,
0x0000021b2da36800, 0x0000021b2da31000, 0x0000021b2da31800, 0x0000021b2da37800,
0x0000021b2da38000, 0x0000021b2da32800, 0x0000021b2da3c000, 0x0000021b2da3e800,
0x0000021b2da3a800, 0x0000021b2da3a000, 0x0000021b2da39000
}

Java Threads: ( => current thread )
  0x0000021b0db8f800 JavaThread "main" [_thread_blocked, id=1228, stack(0x000000dc5c100000,0x000000dc5c200000)]
  0x0000021b2877b800 JavaThread "Reference Handler" daemon [_thread_blocked, id=18140, stack(0x000000dc5c800000,0x000000dc5c900000)]
  0x0000021b2877d000 JavaThread "Finalizer" daemon [_thread_blocked, id=19660, stack(0x000000dc5c900000,0x000000dc5ca00000)]
  0x0000021b287dd000 JavaThread "Signal Dispatcher" daemon [_thread_blocked, id=19396, stack(0x000000dc5ca00000,0x000000dc5cb00000)]
  0x0000021b287de000 JavaThread "Attach Listener" daemon [_thread_blocked, id=16448, stack(0x000000dc5cb00000,0x000000dc5cc00000)]
  0x0000021b287e0000 JavaThread "C2 CompilerThread0" daemon [_thread_in_native, id=18768, stack(0x000000dc5cc00000,0x000000dc5cd00000)]
  0x0000021b287e4000 JavaThread "C1 CompilerThread0" daemon [_thread_blocked, id=13880, stack(0x000000dc5cd00000,0x000000dc5ce00000)]
  0x0000021b287ea000 JavaThread "Sweeper thread" daemon [_thread_blocked, id=10396, stack(0x000000dc5ce00000,0x000000dc5cf00000)]
  0x0000021b28956000 JavaThread "Common-Cleaner" daemon [_thread_blocked, id=9592, stack(0x000000dc5cf00000,0x000000dc5d000000)]
  0x0000021b28958000 JavaThread "Service Thread" daemon [_thread_blocked, id=18988, stack(0x000000dc5d000000,0x000000dc5d100000)]
=>0x0000021b28cf9800 JavaThread "C2 CompilerThread1" daemon [_thread_in_native, id=13008, stack(0x000000dc5d200000,0x000000dc5d300000)]
  0x0000021b299a2000 JavaThread "Daemon health stats" [_thread_blocked, id=17924, stack(0x000000dc5d900000,0x000000dc5da00000)]
  0x0000021b2b316800 JavaThread "Incoming local TCP Connector on port 57989" [_thread_in_native, id=13684, stack(0x000000dc5db00000,0x000000dc5dc00000)]
  0x0000021b2b3d0000 JavaThread "Daemon periodic checks" [_thread_blocked, id=17264, stack(0x000000dc5dc00000,0x000000dc5dd00000)]
  0x0000021b2aaf4000 JavaThread "Daemon" [_thread_blocked, id=19152, stack(0x000000dc5dd00000,0x000000dc5de00000)]
  0x0000021b2b526800 JavaThread "Handler for socket connection from /127.0.0.1:57989 to /127.0.0.1:57990" [_thread_in_native, id=11956, stack(0x000000dc5de00000,0x000000dc5df00000)]
  0x0000021b2a148000 JavaThread "Cancel handler" [_thread_blocked, id=10272, stack(0x000000dc5df00000,0x000000dc5e000000)]
  0x0000021b2ab01000 JavaThread "Daemon worker" [_thread_in_Java, id=14600, stack(0x000000dc5e000000,0x000000dc5e100000)]
  0x0000021b2bfeb000 JavaThread "Asynchronous log dispatcher for DefaultDaemonConnection: socket connection from /127.0.0.1:57989 to /127.0.0.1:57990" [_thread_blocked, id=6808, stack(0x000000dc5e100000,0x000000dc5e200000)]
  0x0000021b2ae77000 JavaThread "Stdin handler" [_thread_blocked, id=11112, stack(0x000000dc5e200000,0x000000dc5e300000)]
  0x0000021b2be50800 JavaThread "Thread-8" [_thread_blocked, id=19428, stack(0x000000dc5e300000,0x000000dc5e400000)]
  0x0000021b2aad0800 JavaThread "Cache worker for file hash cache (E:\AndroidStudioGradleFiles\.gradle\caches\6.7.1\fileHashes)" [_thread_blocked, id=916, stack(0x000000dc5e400000,0x000000dc5e500000)]
  0x0000021b2aad2000 JavaThread "File lock request listener" [_thread_in_native, id=11452, stack(0x000000dc5e500000,0x000000dc5e600000)]
  0x0000021b2aad5800 JavaThread "Cache worker for journal cache (E:\AndroidStudioGradleFiles\.gradle\caches\journal-1)" [_thread_blocked, id=12816, stack(0x000000dc5e900000,0x000000dc5ea00000)]
  0x0000021b2aad1800 JavaThread "Cache worker for file hash cache (E:\Users\Adekt\AndroidStudioProjects\forum\.gradle\6.7.1\fileHashes)" [_thread_blocked, id=15920, stack(0x000000dc5ea00000,0x000000dc5eb00000)]
  0x0000021b2aad4800 JavaThread "jar transforms" [_thread_blocked, id=18796, stack(0x000000dc5eb00000,0x000000dc5ec00000)]
  0x0000021b2aad7000 JavaThread "jar transforms Thread 2" [_thread_blocked, id=21248, stack(0x000000dc5ec00000,0x000000dc5ed00000)]
  0x0000021b2aad6800 JavaThread "jar transforms Thread 3" [_thread_blocked, id=10736, stack(0x000000dc5ed00000,0x000000dc5ee00000)]
  0x0000021b2aad3000 JavaThread "jar transforms Thread 4" [_thread_blocked, id=20952, stack(0x000000dc5ee00000,0x000000dc5ef00000)]
  0x0000021b2b412000 JavaThread "C2 CompilerThread2" daemon [_thread_blocked, id=220, stack(0x000000dc5ef00000,0x000000dc5f000000)]
  0x0000021b2aad4000 JavaThread "jar transforms Thread 5" [_thread_blocked, id=17560, stack(0x000000dc5f000000,0x000000dc5f100000)]
  0x0000021b2da35000 JavaThread "jar transforms Thread 6" [_thread_blocked, id=20968, stack(0x000000dc5f100000,0x000000dc5f200000)]
  0x0000021b2da33000 JavaThread "jar transforms Thread 7" [_thread_blocked, id=19932, stack(0x000000dc5f200000,0x000000dc5f300000)]
  0x0000021b2da34000 JavaThread "jar transforms Thread 8" [_thread_blocked, id=17168, stack(0x000000dc5f300000,0x000000dc5f400000)]
  0x0000021b2da30000 JavaThread "jar transforms Thread 9" [_thread_blocked, id=7212, stack(0x000000dc5f400000,0x000000dc5f500000)]
  0x0000021b2da35800 JavaThread "jar transforms Thread 10" [_thread_blocked, id=9864, stack(0x000000dc5f500000,0x000000dc5f600000)]
  0x0000021b2da36800 JavaThread "jar transforms Thread 11" [_thread_blocked, id=16548, stack(0x000000dc5f600000,0x000000dc5f700000)]
  0x0000021b2da31000 JavaThread "jar transforms Thread 12" [_thread_blocked, id=7516, stack(0x000000dc5f700000,0x000000dc5f800000)]
  0x0000021b2da31800 JavaThread "jar transforms Thread 13" [_thread_blocked, id=13792, stack(0x000000dc5f800000,0x000000dc5f900000)]
  0x0000021b2da37800 JavaThread "jar transforms Thread 14" [_thread_blocked, id=19820, stack(0x000000dc5f900000,0x000000dc5fa00000)]
  0x0000021b2da38000 JavaThread "jar transforms Thread 15" [_thread_blocked, id=10308, stack(0x000000dc5fa00000,0x000000dc5fb00000)]
  0x0000021b2da32800 JavaThread "jar transforms Thread 16" [_thread_blocked, id=15888, stack(0x000000dc5fb00000,0x000000dc5fc00000)]
  0x0000021b2da3c000 JavaThread "jar transforms Thread 17" [_thread_blocked, id=15348, stack(0x000000dc5fc00000,0x000000dc5fd00000)]
  0x0000021b2da3e800 JavaThread "jar transforms Thread 18" [_thread_blocked, id=11604, stack(0x000000dc5fd00000,0x000000dc5fe00000)]
  0x0000021b2da3a800 JavaThread "jar transforms Thread 19" [_thread_blocked, id=20312, stack(0x000000dc5fe00000,0x000000dc5ff00000)]
  0x0000021b2da3a000 JavaThread "jar transforms Thread 20" [_thread_blocked, id=13484, stack(0x000000dc5ff00000,0x000000dc60000000)]
  0x0000021b2da39000 JavaThread "jar transforms Thread 21" [_thread_blocked, id=11460, stack(0x000000dc60000000,0x000000dc60100000)]

Other Threads:
  0x0000021b28777800 VMThread "VM Thread" [stack: 0x000000dc5c700000,0x000000dc5c800000] [id=11212]
  0x0000021b2895a000 WatcherThread [stack: 0x000000dc5d100000,0x000000dc5d200000] [id=8304]
  0x0000021b0dba1800 GCTaskThread "GC Thread#0" [stack: 0x000000dc5c200000,0x000000dc5c300000] [id=1836]
  0x0000021b29b75800 GCTaskThread "GC Thread#1" [stack: 0x000000dc5d300000,0x000000dc5d400000] [id=3288]
  0x0000021b292fc000 GCTaskThread "GC Thread#2" [stack: 0x000000dc5d400000,0x000000dc5d500000] [id=16232]
  0x0000021b29472800 GCTaskThread "GC Thread#3" [stack: 0x000000dc5d500000,0x000000dc5d600000] [id=16636]
  0x0000021b293e8000 GCTaskThread "GC Thread#4" [stack: 0x000000dc5d600000,0x000000dc5d700000] [id=14528]
  0x0000021b293e8800 GCTaskThread "GC Thread#5" [stack: 0x000000dc5d700000,0x000000dc5d800000] [id=20908]
  0x0000021b2b3d0800 GCTaskThread "GC Thread#6" [stack: 0x000000dc5e600000,0x000000dc5e700000] [id=18868]
  0x0000021b2a784800 GCTaskThread "GC Thread#7" [stack: 0x000000dc5e700000,0x000000dc5e800000] [id=18064]
  0x0000021b0dbd2800 ConcurrentGCThread "G1 Main Marker" [stack: 0x000000dc5c300000,0x000000dc5c400000] [id=10392]
  0x0000021b0dbd6000 ConcurrentGCThread "G1 Conc#0" [stack: 0x000000dc5c400000,0x000000dc5c500000] [id=21408]
  0x0000021b2ab66800 ConcurrentGCThread "G1 Conc#1" [stack: 0x000000dc5e800000,0x000000dc5e900000] [id=18804]
  0x0000021b0dc6e800 ConcurrentGCThread "G1 Refine#0" [stack: 0x000000dc5c500000,0x000000dc5c600000] [id=13996]
  0x0000021b27dc4800 ConcurrentGCThread "G1 Young RemSet Sampling" [stack: 0x000000dc5c600000,0x000000dc5c700000] [id=20572]

Threads with active compile tasks:
C2 CompilerThread0   2517 2174   !   4       java.net.URLClassLoader$1::run (63 bytes)
C2 CompilerThread1   2517 2173       4       java.net.URLClassLoader$1::run (5 bytes)

VM state:not at safepoint (normal execution)

VM Mutex/Monitor currently owned by a thread: None

Heap address: 0x0000000080000000, size: 2048 MB, Compressed Oops mode: 32-bit
Narrow klass base: 0x0000000000000000, Narrow klass shift: 3
Compressed class space size: 1073741824 Address: 0x0000000100000000

Heap:
 garbage-first heap   total 262144K, used 72373K [0x0000000080000000, 0x0000000100000000)
  region size 1024K, 61 young (62464K), 10 survivors (10240K)
 Metaspace       used 26047K, capacity 26753K, committed 27008K, reserved 1073152K
  class space    used 3401K, capacity 3641K, committed 3712K, reserved 1048576K
Heap Regions: E=young(eden), S=young(survivor), O=old, HS=humongous(starts), HC=humongous(continues), CS=collection set, F=free, A=archive, TAMS=top-at-mark-start (previous, next)
|   0|0x0000000080000000, 0x0000000080100000, 0x0000000080100000|100%|HS|  |TAMS 0x0000000080000000, 0x0000000080000000| Complete 
|   1|0x0000000080100000, 0x0000000080200000, 0x0000000080200000|100%|HC|  |TAMS 0x0000000080100000, 0x0000000080100000| Complete 
|   2|0x0000000080200000, 0x0000000080200000, 0x0000000080300000|  0%| F|  |TAMS 0x0000000080200000, 0x0000000080200000| Untracked 
|   3|0x0000000080300000, 0x0000000080400000, 0x0000000080400000|100%|HS|  |TAMS 0x0000000080400000, 0x0000000080300000| Complete 
|   4|0x0000000080400000, 0x0000000080500000, 0x0000000080500000|100%|HC|  |TAMS 0x0000000080500000, 0x0000000080400000| Complete 
|   5|0x0000000080500000, 0x0000000080600000, 0x0000000080600000|100%|HC|  |TAMS 0x0000000080600000, 0x0000000080500000| Complete 
|   6|0x0000000080600000, 0x0000000080700000, 0x0000000080700000|100%| O|  |TAMS 0x0000000080700000, 0x0000000080600000| Untracked 
|   7|0x0000000080700000, 0x0000000080800000, 0x0000000080800000|100%| O|  |TAMS 0x0000000080800000, 0x0000000080700000| Untracked 
|   8|0x0000000080800000, 0x00000000808d9a00, 0x0000000080900000| 85%| O|  |TAMS 0x00000000808d9a00, 0x0000000080800000| Untracked 
|   9|0x0000000080900000, 0x0000000080a00000, 0x0000000080a00000|100%|HS|  |TAMS 0x0000000080900000, 0x0000000080900000| Complete 
|  10|0x0000000080a00000, 0x0000000080b00000, 0x0000000080b00000|100%|HC|  |TAMS 0x0000000080a00000, 0x0000000080a00000| Complete 
|  11|0x0000000080b00000, 0x0000000080c00000, 0x0000000080c00000|100%|HC|  |TAMS 0x0000000080b00000, 0x0000000080b00000| Complete 
|  12|0x0000000080c00000, 0x0000000080c00000, 0x0000000080d00000|  0%| F|  |TAMS 0x0000000080c00000, 0x0000000080c00000| Untracked 
|  13|0x0000000080d00000, 0x0000000080d00000, 0x0000000080e00000|  0%| F|  |TAMS 0x0000000080d00000, 0x0000000080d00000| Untracked 
|  14|0x0000000080e00000, 0x0000000080e00000, 0x0000000080f00000|  0%| F|  |TAMS 0x0000000080e00000, 0x0000000080e00000| Untracked 
|  15|0x0000000080f00000, 0x0000000080f00000, 0x0000000081000000|  0%| F|  |TAMS 0x0000000080f00000, 0x0000000080f00000| Untracked 
|  16|0x0000000081000000, 0x0000000081000000, 0x0000000081100000|  0%| F|  |TAMS 0x0000000081000000, 0x0000000081000000| Untracked 
|  17|0x0000000081100000, 0x0000000081100000, 0x0000000081200000|  0%| F|  |TAMS 0x0000000081100000, 0x0000000081100000| Untracked 
|  18|0x0000000081200000, 0x0000000081200000, 0x0000000081300000|  0%| F|  |TAMS 0x0000000081200000, 0x0000000081200000| Untracked 
|  19|0x0000000081300000, 0x0000000081300000, 0x0000000081400000|  0%| F|  |TAMS 0x0000000081300000, 0x0000000081300000| Untracked 
|  20|0x0000000081400000, 0x0000000081400000, 0x0000000081500000|  0%| F|  |TAMS 0x0000000081400000, 0x0000000081400000| Untracked 
|  21|0x0000000081500000, 0x0000000081500000, 0x0000000081600000|  0%| F|  |TAMS 0x0000000081500000, 0x0000000081500000| Untracked 
|  22|0x0000000081600000, 0x0000000081600000, 0x0000000081700000|  0%| F|  |TAMS 0x0000000081600000, 0x0000000081600000| Untracked 
|  23|0x0000000081700000, 0x0000000081700000, 0x0000000081800000|  0%| F|  |TAMS 0x0000000081700000, 0x0000000081700000| Untracked 
|  24|0x0000000081800000, 0x0000000081800000, 0x0000000081900000|  0%| F|  |TAMS 0x0000000081800000, 0x0000000081800000| Untracked 
|  25|0x0000000081900000, 0x0000000081900000, 0x0000000081a00000|  0%| F|  |TAMS 0x0000000081900000, 0x0000000081900000| Untracked 
|  26|0x0000000081a00000, 0x0000000081a00000, 0x0000000081b00000|  0%| F|  |TAMS 0x0000000081a00000, 0x0000000081a00000| Untracked 
|  27|0x0000000081b00000, 0x0000000081b00000, 0x0000000081c00000|  0%| F|  |TAMS 0x0000000081b00000, 0x0000000081b00000| Untracked 
|  28|0x0000000081c00000, 0x0000000081c00000, 0x0000000081d00000|  0%| F|  |TAMS 0x0000000081c00000, 0x0000000081c00000| Untracked 
|  29|0x0000000081d00000, 0x0000000081d00000, 0x0000000081e00000|  0%| F|  |TAMS 0x0000000081d00000, 0x0000000081d00000| Untracked 
|  30|0x0000000081e00000, 0x0000000081e00000, 0x0000000081f00000|  0%| F|  |TAMS 0x0000000081e00000, 0x0000000081e00000| Untracked 
|  31|0x0000000081f00000, 0x0000000081f00000, 0x0000000082000000|  0%| F|  |TAMS 0x0000000081f00000, 0x0000000081f00000| Untracked 
|  32|0x0000000082000000, 0x0000000082000000, 0x0000000082100000|  0%| F|  |TAMS 0x0000000082000000, 0x0000000082000000| Untracked 
|  33|0x0000000082100000, 0x0000000082100000, 0x0000000082200000|  0%| F|  |TAMS 0x0000000082100000, 0x0000000082100000| Untracked 
|  34|0x0000000082200000, 0x0000000082200000, 0x0000000082300000|  0%| F|  |TAMS 0x0000000082200000, 0x0000000082200000| Untracked 
|  35|0x0000000082300000, 0x0000000082300000, 0x0000000082400000|  0%| F|  |TAMS 0x0000000082300000, 0x0000000082300000| Untracked 
|  36|0x0000000082400000, 0x0000000082400000, 0x0000000082500000|  0%| F|  |TAMS 0x0000000082400000, 0x0000000082400000| Untracked 
|  37|0x0000000082500000, 0x0000000082500000, 0x0000000082600000|  0%| F|  |TAMS 0x0000000082500000, 0x0000000082500000| Untracked 
|  38|0x0000000082600000, 0x0000000082600000, 0x0000000082700000|  0%| F|  |TAMS 0x0000000082600000, 0x0000000082600000| Untracked 
|  39|0x0000000082700000, 0x0000000082700000, 0x0000000082800000|  0%| F|  |TAMS 0x0000000082700000, 0x0000000082700000| Untracked 
|  40|0x0000000082800000, 0x0000000082800000, 0x0000000082900000|  0%| F|  |TAMS 0x0000000082800000, 0x0000000082800000| Untracked 
|  41|0x0000000082900000, 0x0000000082900000, 0x0000000082a00000|  0%| F|  |TAMS 0x0000000082900000, 0x0000000082900000| Untracked 
|  42|0x0000000082a00000, 0x0000000082a00000, 0x0000000082b00000|  0%| F|  |TAMS 0x0000000082a00000, 0x0000000082a00000| Untracked 
|  43|0x0000000082b00000, 0x0000000082b00000, 0x0000000082c00000|  0%| F|  |TAMS 0x0000000082b00000, 0x0000000082b00000| Untracked 
|  44|0x0000000082c00000, 0x0000000082c00000, 0x0000000082d00000|  0%| F|  |TAMS 0x0000000082c00000, 0x0000000082c00000| Untracked 
|  45|0x0000000082d00000, 0x0000000082d00000, 0x0000000082e00000|  0%| F|  |TAMS 0x0000000082d00000, 0x0000000082d00000| Untracked 
|  46|0x0000000082e00000, 0x0000000082e00000, 0x0000000082f00000|  0%| F|  |TAMS 0x0000000082e00000, 0x0000000082e00000| Untracked 
|  47|0x0000000082f00000, 0x0000000082f00000, 0x0000000083000000|  0%| F|  |TAMS 0x0000000082f00000, 0x0000000082f00000| Untracked 
|  48|0x0000000083000000, 0x0000000083000000, 0x0000000083100000|  0%| F|  |TAMS 0x0000000083000000, 0x0000000083000000| Untracked 
|  49|0x0000000083100000, 0x0000000083100000, 0x0000000083200000|  0%| F|  |TAMS 0x0000000083100000, 0x0000000083100000| Untracked 
|  50|0x0000000083200000, 0x0000000083200000, 0x0000000083300000|  0%| F|  |TAMS 0x0000000083200000, 0x0000000083200000| Untracked 
|  51|0x0000000083300000, 0x0000000083300000, 0x0000000083400000|  0%| F|  |TAMS 0x0000000083300000, 0x0000000083300000| Untracked 
|  52|0x0000000083400000, 0x0000000083400000, 0x0000000083500000|  0%| F|  |TAMS 0x0000000083400000, 0x0000000083400000| Untracked 
|  53|0x0000000083500000, 0x0000000083500000, 0x0000000083600000|  0%| F|  |TAMS 0x0000000083500000, 0x0000000083500000| Untracked 
|  54|0x0000000083600000, 0x0000000083600000, 0x0000000083700000|  0%| F|  |TAMS 0x0000000083600000, 0x0000000083600000| Untracked 
|  55|0x0000000083700000, 0x0000000083700000, 0x0000000083800000|  0%| F|  |TAMS 0x0000000083700000, 0x0000000083700000| Untracked 
|  56|0x0000000083800000, 0x0000000083800000, 0x0000000083900000|  0%| F|  |TAMS 0x0000000083800000, 0x0000000083800000| Untracked 
|  57|0x0000000083900000, 0x0000000083900000, 0x0000000083a00000|  0%| F|  |TAMS 0x0000000083900000, 0x0000000083900000| Untracked 
|  58|0x0000000083a00000, 0x0000000083a00000, 0x0000000083b00000|  0%| F|  |TAMS 0x0000000083a00000, 0x0000000083a00000| Untracked 
|  59|0x0000000083b00000, 0x0000000083b00000, 0x0000000083c00000|  0%| F|  |TAMS 0x0000000083b00000, 0x0000000083b00000| Untracked 
|  60|0x0000000083c00000, 0x0000000083c00000, 0x0000000083d00000|  0%| F|  |TAMS 0x0000000083c00000, 0x0000000083c00000| Untracked 
|  61|0x0000000083d00000, 0x0000000083d00000, 0x0000000083e00000|  0%| F|  |TAMS 0x0000000083d00000, 0x0000000083d00000| Untracked 
|  62|0x0000000083e00000, 0x0000000083e00000, 0x0000000083f00000|  0%| F|  |TAMS 0x0000000083e00000, 0x0000000083e00000| Untracked 
|  63|0x0000000083f00000, 0x0000000083f00000, 0x0000000084000000|  0%| F|  |TAMS 0x0000000083f00000, 0x0000000083f00000| Untracked 
|  64|0x0000000084000000, 0x0000000084000000, 0x0000000084100000|  0%| F|  |TAMS 0x0000000084000000, 0x0000000084000000| Untracked 
|  65|0x0000000084100000, 0x0000000084100000, 0x0000000084200000|  0%| F|  |TAMS 0x0000000084100000, 0x0000000084100000| Untracked 
|  66|0x0000000084200000, 0x0000000084200000, 0x0000000084300000|  0%| F|  |TAMS 0x0000000084200000, 0x0000000084200000| Untracked 
|  67|0x0000000084300000, 0x0000000084300000, 0x0000000084400000|  0%| F|  |TAMS 0x0000000084300000, 0x0000000084300000| Untracked 
|  68|0x0000000084400000, 0x0000000084400000, 0x0000000084500000|  0%| F|  |TAMS 0x0000000084400000, 0x0000000084400000| Untracked 
|  69|0x0000000084500000, 0x0000000084500000, 0x0000000084600000|  0%| F|  |TAMS 0x0000000084500000, 0x0000000084500000| Untracked 
|  70|0x0000000084600000, 0x0000000084600000, 0x0000000084700000|  0%| F|  |TAMS 0x0000000084600000, 0x0000000084600000| Untracked 
|  71|0x0000000084700000, 0x0000000084700000, 0x0000000084800000|  0%| F|  |TAMS 0x0000000084700000, 0x0000000084700000| Untracked 
|  72|0x0000000084800000, 0x0000000084800000, 0x0000000084900000|  0%| F|  |TAMS 0x0000000084800000, 0x0000000084800000| Untracked 
|  73|0x0000000084900000, 0x0000000084900000, 0x0000000084a00000|  0%| F|  |TAMS 0x0000000084900000, 0x0000000084900000| Untracked 
|  74|0x0000000084a00000, 0x0000000084a00000, 0x0000000084b00000|  0%| F|  |TAMS 0x0000000084a00000, 0x0000000084a00000| Untracked 
|  75|0x0000000084b00000, 0x0000000084b00000, 0x0000000084c00000|  0%| F|  |TAMS 0x0000000084b00000, 0x0000000084b00000| Untracked 
|  76|0x0000000084c00000, 0x0000000084c00000, 0x0000000084d00000|  0%| F|  |TAMS 0x0000000084c00000, 0x0000000084c00000| Untracked 
|  77|0x0000000084d00000, 0x0000000084d00000, 0x0000000084e00000|  0%| F|  |TAMS 0x0000000084d00000, 0x0000000084d00000| Untracked 
|  78|0x0000000084e00000, 0x0000000084e00000, 0x0000000084f00000|  0%| F|  |TAMS 0x0000000084e00000, 0x0000000084e00000| Untracked 
|  79|0x0000000084f00000, 0x0000000084f00000, 0x0000000085000000|  0%| F|  |TAMS 0x0000000084f00000, 0x0000000084f00000| Untracked 
|  80|0x0000000085000000, 0x0000000085000000, 0x0000000085100000|  0%| F|  |TAMS 0x0000000085000000, 0x0000000085000000| Untracked 
|  81|0x0000000085100000, 0x0000000085100000, 0x0000000085200000|  0%| F|  |TAMS 0x0000000085100000, 0x0000000085100000| Untracked 
|  82|0x0000000085200000, 0x0000000085200000, 0x0000000085300000|  0%| F|  |TAMS 0x0000000085200000, 0x0000000085200000| Untracked 
|  83|0x0000000085300000, 0x0000000085300000, 0x0000000085400000|  0%| F|  |TAMS 0x0000000085300000, 0x0000000085300000| Untracked 
|  84|0x0000000085400000, 0x0000000085400000, 0x0000000085500000|  0%| F|  |TAMS 0x0000000085400000, 0x0000000085400000| Untracked 
|  85|0x0000000085500000, 0x0000000085500000, 0x0000000085600000|  0%| F|  |TAMS 0x0000000085500000, 0x0000000085500000| Untracked 
|  86|0x0000000085600000, 0x0000000085600000, 0x0000000085700000|  0%| F|  |TAMS 0x0000000085600000, 0x0000000085600000| Untracked 
|  87|0x0000000085700000, 0x0000000085700000, 0x0000000085800000|  0%| F|  |TAMS 0x0000000085700000, 0x0000000085700000| Untracked 
|  88|0x0000000085800000, 0x0000000085800000, 0x0000000085900000|  0%| F|  |TAMS 0x0000000085800000, 0x0000000085800000| Untracked 
|  89|0x0000000085900000, 0x0000000085900000, 0x0000000085a00000|  0%| F|  |TAMS 0x0000000085900000, 0x0000000085900000| Untracked 
|  90|0x0000000085a00000, 0x0000000085a00000, 0x0000000085b00000|  0%| F|  |TAMS 0x0000000085a00000, 0x0000000085a00000| Untracked 
|  91|0x0000000085b00000, 0x0000000085b00000, 0x0000000085c00000|  0%| F|  |TAMS 0x0000000085b00000, 0x0000000085b00000| Untracked 
|  92|0x0000000085c00000, 0x0000000085c00000, 0x0000000085d00000|  0%| F|  |TAMS 0x0000000085c00000, 0x0000000085c00000| Untracked 
|  93|0x0000000085d00000, 0x0000000085d00000, 0x0000000085e00000|  0%| F|  |TAMS 0x0000000085d00000, 0x0000000085d00000| Untracked 
|  94|0x0000000085e00000, 0x0000000085e00000, 0x0000000085f00000|  0%| F|  |TAMS 0x0000000085e00000, 0x0000000085e00000| Untracked 
|  95|0x0000000085f00000, 0x0000000085f00000, 0x0000000086000000|  0%| F|  |TAMS 0x0000000085f00000, 0x0000000085f00000| Untracked 
|  96|0x0000000086000000, 0x0000000086000000, 0x0000000086100000|  0%| F|  |TAMS 0x0000000086000000, 0x0000000086000000| Untracked 
|  97|0x0000000086100000, 0x0000000086100000, 0x0000000086200000|  0%| F|  |TAMS 0x0000000086100000, 0x0000000086100000| Untracked 
|  98|0x0000000086200000, 0x0000000086200000, 0x0000000086300000|  0%| F|  |TAMS 0x0000000086200000, 0x0000000086200000| Untracked 
|  99|0x0000000086300000, 0x0000000086300000, 0x0000000086400000|  0%| F|  |TAMS 0x0000000086300000, 0x0000000086300000| Untracked 
| 100|0x0000000086400000, 0x0000000086400000, 0x0000000086500000|  0%| F|  |TAMS 0x0000000086400000, 0x0000000086400000| Untracked 
| 101|0x0000000086500000, 0x0000000086500000, 0x0000000086600000|  0%| F|  |TAMS 0x0000000086500000, 0x0000000086500000| Untracked 
| 102|0x0000000086600000, 0x0000000086600000, 0x0000000086700000|  0%| F|  |TAMS 0x0000000086600000, 0x0000000086600000| Untracked 
| 103|0x0000000086700000, 0x0000000086700000, 0x0000000086800000|  0%| F|  |TAMS 0x0000000086700000, 0x0000000086700000| Untracked 
| 104|0x0000000086800000, 0x0000000086800000, 0x0000000086900000|  0%| F|  |TAMS 0x0000000086800000, 0x0000000086800000| Untracked 
| 105|0x0000000086900000, 0x0000000086900000, 0x0000000086a00000|  0%| F|  |TAMS 0x0000000086900000, 0x0000000086900000| Untracked 
| 106|0x0000000086a00000, 0x0000000086a00000, 0x0000000086b00000|  0%| F|  |TAMS 0x0000000086a00000, 0x0000000086a00000| Untracked 
| 107|0x0000000086b00000, 0x0000000086b00000, 0x0000000086c00000|  0%| F|  |TAMS 0x0000000086b00000, 0x0000000086b00000| Untracked 
| 108|0x0000000086c00000, 0x0000000086c00000, 0x0000000086d00000|  0%| F|  |TAMS 0x0000000086c00000, 0x0000000086c00000| Untracked 
| 109|0x0000000086d00000, 0x0000000086d00000, 0x0000000086e00000|  0%| F|  |TAMS 0x0000000086d00000, 0x0000000086d00000| Untracked 
| 110|0x0000000086e00000, 0x0000000086e00000, 0x0000000086f00000|  0%| F|  |TAMS 0x0000000086e00000, 0x0000000086e00000| Untracked 
| 111|0x0000000086f00000, 0x0000000086f00000, 0x0000000087000000|  0%| F|  |TAMS 0x0000000086f00000, 0x0000000086f00000| Untracked 
| 112|0x0000000087000000, 0x0000000087000000, 0x0000000087100000|  0%| F|  |TAMS 0x0000000087000000, 0x0000000087000000| Untracked 
| 113|0x0000000087100000, 0x0000000087100000, 0x0000000087200000|  0%| F|  |TAMS 0x0000000087100000, 0x0000000087100000| Untracked 
| 114|0x0000000087200000, 0x0000000087200000, 0x0000000087300000|  0%| F|  |TAMS 0x0000000087200000, 0x0000000087200000| Untracked 
| 115|0x0000000087300000, 0x0000000087300000, 0x0000000087400000|  0%| F|  |TAMS 0x0000000087300000, 0x0000000087300000| Untracked 
| 116|0x0000000087400000, 0x0000000087400000, 0x0000000087500000|  0%| F|  |TAMS 0x0000000087400000, 0x0000000087400000| Untracked 
| 117|0x0000000087500000, 0x0000000087500000, 0x0000000087600000|  0%| F|  |TAMS 0x0000000087500000, 0x0000000087500000| Untracked 
| 118|0x0000000087600000, 0x0000000087600000, 0x0000000087700000|  0%| F|  |TAMS 0x0000000087600000, 0x0000000087600000| Untracked 
| 119|0x0000000087700000, 0x0000000087700000, 0x0000000087800000|  0%| F|  |TAMS 0x0000000087700000, 0x0000000087700000| Untracked 
| 120|0x0000000087800000, 0x0000000087800000, 0x0000000087900000|  0%| F|  |TAMS 0x0000000087800000, 0x0000000087800000| Untracked 
| 121|0x0000000087900000, 0x0000000087900000, 0x0000000087a00000|  0%| F|  |TAMS 0x0000000087900000, 0x0000000087900000| Untracked 
| 122|0x0000000087a00000, 0x0000000087a00000, 0x0000000087b00000|  0%| F|  |TAMS 0x0000000087a00000, 0x0000000087a00000| Untracked 
| 123|0x0000000087b00000, 0x0000000087b00000, 0x0000000087c00000|  0%| F|  |TAMS 0x0000000087b00000, 0x0000000087b00000| Untracked 
| 124|0x0000000087c00000, 0x0000000087c00000, 0x0000000087d00000|  0%| F|  |TAMS 0x0000000087c00000, 0x0000000087c00000| Untracked 
| 125|0x0000000087d00000, 0x0000000087d00000, 0x0000000087e00000|  0%| F|  |TAMS 0x0000000087d00000, 0x0000000087d00000| Untracked 
| 126|0x0000000087e00000, 0x0000000087e00000, 0x0000000087f00000|  0%| F|  |TAMS 0x0000000087e00000, 0x0000000087e00000| Untracked 
| 127|0x0000000087f00000, 0x0000000087f00000, 0x0000000088000000|  0%| F|  |TAMS 0x0000000087f00000, 0x0000000087f00000| Untracked 
| 128|0x0000000088000000, 0x0000000088000000, 0x0000000088100000|  0%| F|  |TAMS 0x0000000088000000, 0x0000000088000000| Untracked 
| 129|0x0000000088100000, 0x0000000088100000, 0x0000000088200000|  0%| F|  |TAMS 0x0000000088100000, 0x0000000088100000| Untracked 
| 130|0x0000000088200000, 0x0000000088200000, 0x0000000088300000|  0%| F|  |TAMS 0x0000000088200000, 0x0000000088200000| Untracked 
| 131|0x0000000088300000, 0x0000000088300000, 0x0000000088400000|  0%| F|  |TAMS 0x0000000088300000, 0x0000000088300000| Untracked 
| 132|0x0000000088400000, 0x0000000088400000, 0x0000000088500000|  0%| F|  |TAMS 0x0000000088400000, 0x0000000088400000| Untracked 
| 133|0x0000000088500000, 0x0000000088500000, 0x0000000088600000|  0%| F|  |TAMS 0x0000000088500000, 0x0000000088500000| Untracked 
| 134|0x0000000088600000, 0x0000000088600000, 0x0000000088700000|  0%| F|  |TAMS 0x0000000088600000, 0x0000000088600000| Untracked 
| 135|0x0000000088700000, 0x0000000088700000, 0x0000000088800000|  0%| F|  |TAMS 0x0000000088700000, 0x0000000088700000| Untracked 
| 136|0x0000000088800000, 0x0000000088800000, 0x0000000088900000|  0%| F|  |TAMS 0x0000000088800000, 0x0000000088800000| Untracked 
| 137|0x0000000088900000, 0x0000000088900000, 0x0000000088a00000|  0%| F|  |TAMS 0x0000000088900000, 0x0000000088900000| Untracked 
| 138|0x0000000088a00000, 0x0000000088a00000, 0x0000000088b00000|  0%| F|  |TAMS 0x0000000088a00000, 0x0000000088a00000| Untracked 
| 139|0x0000000088b00000, 0x0000000088b00000, 0x0000000088c00000|  0%| F|  |TAMS 0x0000000088b00000, 0x0000000088b00000| Untracked 
| 140|0x0000000088c00000, 0x0000000088c00000, 0x0000000088d00000|  0%| F|  |TAMS 0x0000000088c00000, 0x0000000088c00000| Untracked 
| 141|0x0000000088d00000, 0x0000000088d00000, 0x0000000088e00000|  0%| F|  |TAMS 0x0000000088d00000, 0x0000000088d00000| Untracked 
| 142|0x0000000088e00000, 0x0000000088e00000, 0x0000000088f00000|  0%| F|  |TAMS 0x0000000088e00000, 0x0000000088e00000| Untracked 
| 143|0x0000000088f00000, 0x0000000088f00000, 0x0000000089000000|  0%| F|  |TAMS 0x0000000088f00000, 0x0000000088f00000| Untracked 
| 144|0x0000000089000000, 0x0000000089000000, 0x0000000089100000|  0%| F|  |TAMS 0x0000000089000000, 0x0000000089000000| Untracked 
| 145|0x0000000089100000, 0x0000000089100000, 0x0000000089200000|  0%| F|  |TAMS 0x0000000089100000, 0x0000000089100000| Untracked 
| 146|0x0000000089200000, 0x0000000089200000, 0x0000000089300000|  0%| F|  |TAMS 0x0000000089200000, 0x0000000089200000| Untracked 
| 147|0x0000000089300000, 0x0000000089300000, 0x0000000089400000|  0%| F|  |TAMS 0x0000000089300000, 0x0000000089300000| Untracked 
| 148|0x0000000089400000, 0x0000000089400000, 0x0000000089500000|  0%| F|  |TAMS 0x0000000089400000, 0x0000000089400000| Untracked 
| 149|0x0000000089500000, 0x0000000089500000, 0x0000000089600000|  0%| F|  |TAMS 0x0000000089500000, 0x0000000089500000| Untracked 
| 150|0x0000000089600000, 0x0000000089600000, 0x0000000089700000|  0%| F|  |TAMS 0x0000000089600000, 0x0000000089600000| Untracked 
| 151|0x0000000089700000, 0x0000000089700000, 0x0000000089800000|  0%| F|  |TAMS 0x0000000089700000, 0x0000000089700000| Untracked 
| 152|0x0000000089800000, 0x0000000089800000, 0x0000000089900000|  0%| F|  |TAMS 0x0000000089800000, 0x0000000089800000| Untracked 
| 153|0x0000000089900000, 0x0000000089900000, 0x0000000089a00000|  0%| F|  |TAMS 0x0000000089900000, 0x0000000089900000| Untracked 
| 154|0x0000000089a00000, 0x0000000089a00000, 0x0000000089b00000|  0%| F|  |TAMS 0x0000000089a00000, 0x0000000089a00000| Untracked 
| 155|0x0000000089b00000, 0x0000000089b00000, 0x0000000089c00000|  0%| F|  |TAMS 0x0000000089b00000, 0x0000000089b00000| Untracked 
| 156|0x0000000089c00000, 0x0000000089c00000, 0x0000000089d00000|  0%| F|  |TAMS 0x0000000089c00000, 0x0000000089c00000| Untracked 
| 157|0x0000000089d00000, 0x0000000089d00000, 0x0000000089e00000|  0%| F|  |TAMS 0x0000000089d00000, 0x0000000089d00000| Untracked 
| 158|0x0000000089e00000, 0x0000000089ed3b60, 0x0000000089f00000| 82%| S|CS|TAMS 0x0000000089e00000, 0x0000000089e00000| Complete 
| 159|0x0000000089f00000, 0x000000008a000000, 0x000000008a000000|100%| S|CS|TAMS 0x0000000089f00000, 0x0000000089f00000| Complete 
| 160|0x000000008a000000, 0x000000008a100000, 0x000000008a100000|100%| S|CS|TAMS 0x000000008a000000, 0x000000008a000000| Complete 
| 161|0x000000008a100000, 0x000000008a200000, 0x000000008a200000|100%| S|CS|TAMS 0x000000008a100000, 0x000000008a100000| Complete 
| 162|0x000000008a200000, 0x000000008a300000, 0x000000008a300000|100%| S|CS|TAMS 0x000000008a200000, 0x000000008a200000| Complete 
| 163|0x000000008a300000, 0x000000008a400000, 0x000000008a400000|100%| S|CS|TAMS 0x000000008a300000, 0x000000008a300000| Complete 
| 164|0x000000008a400000, 0x000000008a500000, 0x000000008a500000|100%| S|CS|TAMS 0x000000008a400000, 0x000000008a400000| Complete 
| 165|0x000000008a500000, 0x000000008a600000, 0x000000008a600000|100%| S|CS|TAMS 0x000000008a500000, 0x000000008a500000| Complete 
| 166|0x000000008a600000, 0x000000008a700000, 0x000000008a700000|100%| S|CS|TAMS 0x000000008a600000, 0x000000008a600000| Complete 
| 167|0x000000008a700000, 0x000000008a800000, 0x000000008a800000|100%| S|CS|TAMS 0x000000008a700000, 0x000000008a700000| Complete 
| 168|0x000000008a800000, 0x000000008a800000, 0x000000008a900000|  0%| F|  |TAMS 0x000000008a800000, 0x000000008a800000| Untracked 
| 169|0x000000008a900000, 0x000000008a900000, 0x000000008aa00000|  0%| F|  |TAMS 0x000000008a900000, 0x000000008a900000| Untracked 
| 170|0x000000008aa00000, 0x000000008aa00000, 0x000000008ab00000|  0%| F|  |TAMS 0x000000008aa00000, 0x000000008aa00000| Untracked 
| 171|0x000000008ab00000, 0x000000008ab00000, 0x000000008ac00000|  0%| F|  |TAMS 0x000000008ab00000, 0x000000008ab00000| Untracked 
| 172|0x000000008ac00000, 0x000000008ac00000, 0x000000008ad00000|  0%| F|  |TAMS 0x000000008ac00000, 0x000000008ac00000| Untracked 
| 173|0x000000008ad00000, 0x000000008ad00000, 0x000000008ae00000|  0%| F|  |TAMS 0x000000008ad00000, 0x000000008ad00000| Untracked 
| 174|0x000000008ae00000, 0x000000008ae00000, 0x000000008af00000|  0%| F|  |TAMS 0x000000008ae00000, 0x000000008ae00000| Untracked 
| 175|0x000000008af00000, 0x000000008af00000, 0x000000008b000000|  0%| F|  |TAMS 0x000000008af00000, 0x000000008af00000| Untracked 
| 176|0x000000008b000000, 0x000000008b000000, 0x000000008b100000|  0%| F|  |TAMS 0x000000008b000000, 0x000000008b000000| Untracked 
| 177|0x000000008b100000, 0x000000008b100000, 0x000000008b200000|  0%| F|  |TAMS 0x000000008b100000, 0x000000008b100000| Untracked 
| 178|0x000000008b200000, 0x000000008b200000, 0x000000008b300000|  0%| F|  |TAMS 0x000000008b200000, 0x000000008b200000| Untracked 
| 179|0x000000008b300000, 0x000000008b300000, 0x000000008b400000|  0%| F|  |TAMS 0x000000008b300000, 0x000000008b300000| Untracked 
| 180|0x000000008b400000, 0x000000008b400000, 0x000000008b500000|  0%| F|  |TAMS 0x000000008b400000, 0x000000008b400000| Untracked 
| 181|0x000000008b500000, 0x000000008b500000, 0x000000008b600000|  0%| F|  |TAMS 0x000000008b500000, 0x000000008b500000| Untracked 
| 182|0x000000008b600000, 0x000000008b600000, 0x000000008b700000|  0%| F|  |TAMS 0x000000008b600000, 0x000000008b600000| Untracked 
| 183|0x000000008b700000, 0x000000008b700000, 0x000000008b800000|  0%| F|  |TAMS 0x000000008b700000, 0x000000008b700000| Untracked 
| 184|0x000000008b800000, 0x000000008b800000, 0x000000008b900000|  0%| F|  |TAMS 0x000000008b800000, 0x000000008b800000| Untracked 
| 185|0x000000008b900000, 0x000000008b900000, 0x000000008ba00000|  0%| F|  |TAMS 0x000000008b900000, 0x000000008b900000| Untracked 
| 186|0x000000008ba00000, 0x000000008ba00000, 0x000000008bb00000|  0%| F|  |TAMS 0x000000008ba00000, 0x000000008ba00000| Untracked 
| 187|0x000000008bb00000, 0x000000008bb00000, 0x000000008bc00000|  0%| F|  |TAMS 0x000000008bb00000, 0x000000008bb00000| Untracked 
| 188|0x000000008bc00000, 0x000000008bc00000, 0x000000008bd00000|  0%| F|  |TAMS 0x000000008bc00000, 0x000000008bc00000| Untracked 
| 189|0x000000008bd00000, 0x000000008bd00000, 0x000000008be00000|  0%| F|  |TAMS 0x000000008bd00000, 0x000000008bd00000| Untracked 
| 190|0x000000008be00000, 0x000000008be00000, 0x000000008bf00000|  0%| F|  |TAMS 0x000000008be00000, 0x000000008be00000| Untracked 
| 191|0x000000008bf00000, 0x000000008bf00000, 0x000000008c000000|  0%| F|  |TAMS 0x000000008bf00000, 0x000000008bf00000| Untracked 
| 192|0x000000008c000000, 0x000000008c000000, 0x000000008c100000|  0%| F|  |TAMS 0x000000008c000000, 0x000000008c000000| Untracked 
| 193|0x000000008c100000, 0x000000008c100000, 0x000000008c200000|  0%| F|  |TAMS 0x000000008c100000, 0x000000008c100000| Untracked 
| 194|0x000000008c200000, 0x000000008c200000, 0x000000008c300000|  0%| F|  |TAMS 0x000000008c200000, 0x000000008c200000| Untracked 
| 195|0x000000008c300000, 0x000000008c300000, 0x000000008c400000|  0%| F|  |TAMS 0x000000008c300000, 0x000000008c300000| Untracked 
| 196|0x000000008c400000, 0x000000008c400000, 0x000000008c500000|  0%| F|  |TAMS 0x000000008c400000, 0x000000008c400000| Untracked 
| 197|0x000000008c500000, 0x000000008c500000, 0x000000008c600000|  0%| F|  |TAMS 0x000000008c500000, 0x000000008c500000| Untracked 
| 198|0x000000008c600000, 0x000000008c600000, 0x000000008c700000|  0%| F|  |TAMS 0x000000008c600000, 0x000000008c600000| Untracked 
| 199|0x000000008c700000, 0x000000008c700000, 0x000000008c800000|  0%| F|  |TAMS 0x000000008c700000, 0x000000008c700000| Untracked 
| 200|0x000000008c800000, 0x000000008c800000, 0x000000008c900000|  0%| F|  |TAMS 0x000000008c800000, 0x000000008c800000| Untracked 
| 201|0x000000008c900000, 0x000000008c900000, 0x000000008ca00000|  0%| F|  |TAMS 0x000000008c900000, 0x000000008c900000| Untracked 
| 202|0x000000008ca00000, 0x000000008ca00000, 0x000000008cb00000|  0%| F|  |TAMS 0x000000008ca00000, 0x000000008ca00000| Untracked 
| 203|0x000000008cb00000, 0x000000008cb00000, 0x000000008cc00000|  0%| F|  |TAMS 0x000000008cb00000, 0x000000008cb00000| Untracked 
| 204|0x000000008cc00000, 0x000000008cc00000, 0x000000008cd00000|  0%| F|  |TAMS 0x000000008cc00000, 0x000000008cc00000| Untracked 
| 205|0x000000008cd00000, 0x000000008cd6ad30, 0x000000008ce00000| 41%| E|  |TAMS 0x000000008cd00000, 0x000000008cd00000| Complete 
| 206|0x000000008ce00000, 0x000000008cf00000, 0x000000008cf00000|100%| E|CS|TAMS 0x000000008ce00000, 0x000000008ce00000| Complete 
| 207|0x000000008cf00000, 0x000000008d000000, 0x000000008d000000|100%| E|CS|TAMS 0x000000008cf00000, 0x000000008cf00000| Complete 
| 208|0x000000008d000000, 0x000000008d100000, 0x000000008d100000|100%| E|CS|TAMS 0x000000008d000000, 0x000000008d000000| Complete 
| 209|0x000000008d100000, 0x000000008d200000, 0x000000008d200000|100%| E|CS|TAMS 0x000000008d100000, 0x000000008d100000| Complete 
| 210|0x000000008d200000, 0x000000008d300000, 0x000000008d300000|100%| E|CS|TAMS 0x000000008d200000, 0x000000008d200000| Complete 
| 211|0x000000008d300000, 0x000000008d400000, 0x000000008d400000|100%| E|CS|TAMS 0x000000008d300000, 0x000000008d300000| Complete 
| 212|0x000000008d400000, 0x000000008d500000, 0x000000008d500000|100%| E|CS|TAMS 0x000000008d400000, 0x000000008d400000| Complete 
| 213|0x000000008d500000, 0x000000008d600000, 0x000000008d600000|100%| E|CS|TAMS 0x000000008d500000, 0x000000008d500000| Complete 
| 214|0x000000008d600000, 0x000000008d700000, 0x000000008d700000|100%| E|CS|TAMS 0x000000008d600000, 0x000000008d600000| Complete 
| 215|0x000000008d700000, 0x000000008d800000, 0x000000008d800000|100%| E|CS|TAMS 0x000000008d700000, 0x000000008d700000| Complete 
| 216|0x000000008d800000, 0x000000008d900000, 0x000000008d900000|100%| E|CS|TAMS 0x000000008d800000, 0x000000008d800000| Complete 
| 217|0x000000008d900000, 0x000000008da00000, 0x000000008da00000|100%| E|CS|TAMS 0x000000008d900000, 0x000000008d900000| Complete 
| 218|0x000000008da00000, 0x000000008db00000, 0x000000008db00000|100%| E|CS|TAMS 0x000000008da00000, 0x000000008da00000| Complete 
| 219|0x000000008db00000, 0x000000008dc00000, 0x000000008dc00000|100%| E|CS|TAMS 0x000000008db00000, 0x000000008db00000| Complete 
| 220|0x000000008dc00000, 0x000000008dd00000, 0x000000008dd00000|100%| E|CS|TAMS 0x000000008dc00000, 0x000000008dc00000| Complete 
| 221|0x000000008dd00000, 0x000000008de00000, 0x000000008de00000|100%| E|CS|TAMS 0x000000008dd00000, 0x000000008dd00000| Complete 
| 222|0x000000008de00000, 0x000000008df00000, 0x000000008df00000|100%| E|CS|TAMS 0x000000008de00000, 0x000000008de00000| Complete 
| 223|0x000000008df00000, 0x000000008e000000, 0x000000008e000000|100%| E|CS|TAMS 0x000000008df00000, 0x000000008df00000| Complete 
| 224|0x000000008e000000, 0x000000008e100000, 0x000000008e100000|100%| E|CS|TAMS 0x000000008e000000, 0x000000008e000000| Complete 
| 225|0x000000008e100000, 0x000000008e200000, 0x000000008e200000|100%| E|CS|TAMS 0x000000008e100000, 0x000000008e100000| Complete 
| 226|0x000000008e200000, 0x000000008e300000, 0x000000008e300000|100%| E|CS|TAMS 0x000000008e200000, 0x000000008e200000| Complete 
| 227|0x000000008e300000, 0x000000008e400000, 0x000000008e400000|100%| E|CS|TAMS 0x000000008e300000, 0x000000008e300000| Complete 
| 228|0x000000008e400000, 0x000000008e500000, 0x000000008e500000|100%| E|CS|TAMS 0x000000008e400000, 0x000000008e400000| Complete 
| 229|0x000000008e500000, 0x000000008e600000, 0x000000008e600000|100%| E|CS|TAMS 0x000000008e500000, 0x000000008e500000| Complete 
| 230|0x000000008e600000, 0x000000008e700000, 0x000000008e700000|100%| E|CS|TAMS 0x000000008e600000, 0x000000008e600000| Complete 
| 231|0x000000008e700000, 0x000000008e800000, 0x000000008e800000|100%| E|CS|TAMS 0x000000008e700000, 0x000000008e700000| Complete 
| 232|0x000000008e800000, 0x000000008e900000, 0x000000008e900000|100%| E|CS|TAMS 0x000000008e800000, 0x000000008e800000| Complete 
| 233|0x000000008e900000, 0x000000008ea00000, 0x000000008ea00000|100%| E|CS|TAMS 0x000000008e900000, 0x000000008e900000| Complete 
| 234|0x000000008ea00000, 0x000000008eb00000, 0x000000008eb00000|100%| E|CS|TAMS 0x000000008ea00000, 0x000000008ea00000| Complete 
| 235|0x000000008eb00000, 0x000000008ec00000, 0x000000008ec00000|100%| E|CS|TAMS 0x000000008eb00000, 0x000000008eb00000| Complete 
| 236|0x000000008ec00000, 0x000000008ed00000, 0x000000008ed00000|100%| E|CS|TAMS 0x000000008ec00000, 0x000000008ec00000| Complete 
| 237|0x000000008ed00000, 0x000000008ee00000, 0x000000008ee00000|100%| E|CS|TAMS 0x000000008ed00000, 0x000000008ed00000| Complete 
| 238|0x000000008ee00000, 0x000000008ef00000, 0x000000008ef00000|100%| E|CS|TAMS 0x000000008ee00000, 0x000000008ee00000| Complete 
| 239|0x000000008ef00000, 0x000000008f000000, 0x000000008f000000|100%| E|CS|TAMS 0x000000008ef00000, 0x000000008ef00000| Complete 
| 240|0x000000008f000000, 0x000000008f100000, 0x000000008f100000|100%| E|CS|TAMS 0x000000008f000000, 0x000000008f000000| Complete 
| 241|0x000000008f100000, 0x000000008f200000, 0x000000008f200000|100%| E|CS|TAMS 0x000000008f100000, 0x000000008f100000| Complete 
| 242|0x000000008f200000, 0x000000008f300000, 0x000000008f300000|100%| E|CS|TAMS 0x000000008f200000, 0x000000008f200000| Complete 
| 243|0x000000008f300000, 0x000000008f400000, 0x000000008f400000|100%| E|CS|TAMS 0x000000008f300000, 0x000000008f300000| Complete 
| 244|0x000000008f400000, 0x000000008f500000, 0x000000008f500000|100%| E|CS|TAMS 0x000000008f400000, 0x000000008f400000| Complete 
| 245|0x000000008f500000, 0x000000008f600000, 0x000000008f600000|100%| E|CS|TAMS 0x000000008f500000, 0x000000008f500000| Complete 
| 246|0x000000008f600000, 0x000000008f700000, 0x000000008f700000|100%| E|CS|TAMS 0x000000008f600000, 0x000000008f600000| Complete 
| 247|0x000000008f700000, 0x000000008f800000, 0x000000008f800000|100%| E|CS|TAMS 0x000000008f700000, 0x000000008f700000| Complete 
| 248|0x000000008f800000, 0x000000008f900000, 0x000000008f900000|100%| E|CS|TAMS 0x000000008f800000, 0x000000008f800000| Complete 
| 249|0x000000008f900000, 0x000000008fa00000, 0x000000008fa00000|100%| E|CS|TAMS 0x000000008f900000, 0x000000008f900000| Complete 
| 250|0x000000008fa00000, 0x000000008fb00000, 0x000000008fb00000|100%| E|CS|TAMS 0x000000008fa00000, 0x000000008fa00000| Complete 
| 251|0x000000008fb00000, 0x000000008fc00000, 0x000000008fc00000|100%| E|CS|TAMS 0x000000008fb00000, 0x000000008fb00000| Complete 
| 252|0x000000008fc00000, 0x000000008fd00000, 0x000000008fd00000|100%| E|CS|TAMS 0x000000008fc00000, 0x000000008fc00000| Complete 
| 253|0x000000008fd00000, 0x000000008fe00000, 0x000000008fe00000|100%| E|CS|TAMS 0x000000008fd00000, 0x000000008fd00000| Complete 
| 254|0x000000008fe00000, 0x000000008ff00000, 0x000000008ff00000|100%| E|CS|TAMS 0x000000008fe00000, 0x000000008fe00000| Complete 
| 255|0x000000008ff00000, 0x0000000090000000, 0x0000000090000000|100%| E|CS|TAMS 0x000000008ff00000, 0x000000008ff00000| Complete 

Card table byte_map: [0x0000021b20c40000,0x0000021b21040000] _byte_map_base: 0x0000021b20840000

Marking Bits (Prev, Next): (CMBitMap*) 0x0000021b0dbc9dd0, (CMBitMap*) 0x0000021b0dbc9d98
 Prev Bits: [0x0000021b23440000, 0x0000021b25440000)
 Next Bits: [0x0000021b21440000, 0x0000021b23440000)

Polling page: 0x0000021b0d370000

Metaspace:

Usage:
  Non-class:     22.57 MB capacity,    22.12 MB ( 98%) used,   414.30 KB (  2%) free+waste,    51.56 KB ( <1%) overhead. 
      Class:      3.56 MB capacity,     3.32 MB ( 93%) used,   213.98 KB (  6%) free+waste,    25.75 KB ( <1%) overhead. 
       Both:     26.13 MB capacity,    25.44 MB ( 97%) used,   628.27 KB (  2%) free+waste,    77.31 KB ( <1%) overhead. 

Virtual space:
  Non-class space:       24.00 MB reserved,      22.75 MB ( 95%) committed 
      Class space:        1.00 GB reserved,       3.63 MB ( <1%) committed 
             Both:        1.02 GB reserved,      26.38 MB (  3%) committed 

Chunk freelists:
   Non-Class:  0 bytes
       Class:  7.00 KB
        Both:  7.00 KB

MaxMetaspaceSize: 17179869184.00 GB
CompressedClassSpaceSize: 1.00 GB

CodeHeap 'non-profiled nmethods': size=120000Kb used=1072Kb max_used=1072Kb free=118927Kb
 bounds [0x0000021b18fe0000, 0x0000021b19250000, 0x0000021b20510000]
CodeHeap 'profiled nmethods': size=120000Kb used=4246Kb max_used=4246Kb free=115753Kb
 bounds [0x0000021b11ab0000, 0x0000021b11ee0000, 0x0000021b18fe0000]
CodeHeap 'non-nmethods': size=5760Kb used=1147Kb max_used=1192Kb free=4612Kb
 bounds [0x0000021b11510000, 0x0000021b11780000, 0x0000021b11ab0000]
 total_blobs=2598 nmethods=2112 adapters=397
 compilation: enabled
              stopped_count=0, restarted_count=0
 full_count=0

Compilation events (20 events):
Event: 2.431 Thread 0x0000021b287e4000 2229       3       org.gradle.cache.internal.btree.BlockPointer::<init> (10 bytes)
Event: 2.431 Thread 0x0000021b287e4000 nmethod 2229 0x0000021b11ea1b90 code [0x0000021b11ea1d40, 0x0000021b11ea1e98]
Event: 2.431 Thread 0x0000021b287e4000 2230       3       org.gradle.cache.internal.btree.BTreePersistentIndexedCache$IndexEntry::<init> (5 bytes)
Event: 2.431 Thread 0x0000021b287e4000 nmethod 2230 0x0000021b11ea1f90 code [0x0000021b11ea2140, 0x0000021b11ea22f8]
Event: 2.431 Thread 0x0000021b287e4000 2231       3       org.gradle.cache.internal.btree.BTreePersistentIndexedCache$IndexEntry::<init> (5 bytes)
Event: 2.431 Thread 0x0000021b287e4000 nmethod 2231 0x0000021b11ea2410 code [0x0000021b11ea25c0, 0x0000021b11ea2718]
Event: 2.432 Thread 0x0000021b287e4000 2232       3       java.lang.invoke.MethodHandleNatives::findMethodHandleType (7 bytes)
Event: 2.432 Thread 0x0000021b287e4000 nmethod 2232 0x0000021b11ea2810 code [0x0000021b11ea29c0, 0x0000021b11ea2ac8]
Event: 2.434 Thread 0x0000021b287e4000 2233       3       java.lang.invoke.MethodHandles$Lookup::in (168 bytes)
Event: 2.435 Thread 0x0000021b287e4000 nmethod 2233 0x0000021b11ea2b90 code [0x0000021b11ea2f00, 0x0000021b11ea44a8]
Event: 2.438 Thread 0x0000021b287e4000 2234       3       java.lang.Thread::isInterrupted (6 bytes)
Event: 2.438 Thread 0x0000021b287e4000 nmethod 2234 0x0000021b11ea4b90 code [0x0000021b11ea4d40, 0x0000021b11ea4e88]
Event: 2.438 Thread 0x0000021b287e4000 2236       3       java.lang.Thread::onSpinWait (1 bytes)
Event: 2.438 Thread 0x0000021b287e4000 nmethod 2236 0x0000021b11af2690 code [0x0000021b11af2840, 0x0000021b11af2918]
Event: 2.438 Thread 0x0000021b287e4000 2235       3       java.util.concurrent.SynchronousQueue$TransferStack::shouldSpin (30 bytes)
Event: 2.438 Thread 0x0000021b287e4000 nmethod 2235 0x0000021b11ea4f10 code [0x0000021b11ea50e0, 0x0000021b11ea5378]
Event: 2.438 Thread 0x0000021b287e4000 2237       3       sun.security.provider.MD5::FF (33 bytes)
Event: 2.438 Thread 0x0000021b287e4000 nmethod 2237 0x0000021b11ea5490 code [0x0000021b11ea5640, 0x0000021b11ea5758]
Event: 2.438 Thread 0x0000021b287e4000 2238       3       sun.security.provider.MD5::GG (33 bytes)
Event: 2.438 Thread 0x0000021b287e4000 nmethod 2238 0x0000021b11ea5810 code [0x0000021b11ea59c0, 0x0000021b11ea5ad8]

GC Heap History (4 events):
Event: 0.644 GC heap before
{Heap before GC invocations=0 (full 0):
 garbage-first heap   total 262144K, used 29696K [0x0000000080000000, 0x0000000100000000)
  region size 1024K, 24 young (24576K), 0 survivors (0K)
 Metaspace       used 10284K, capacity 10509K, committed 10752K, reserved 1058816K
  class space    used 1085K, capacity 1163K, committed 1280K, reserved 1048576K
}
Event: 0.647 GC heap after
{Heap after GC invocations=1 (full 0):
 garbage-first heap   total 262144K, used 9062K [0x0000000080000000, 0x0000000100000000)
  region size 1024K, 3 young (3072K), 3 survivors (3072K)
 Metaspace       used 10284K, capacity 10509K, committed 10752K, reserved 1058816K
  class space    used 1085K, capacity 1163K, committed 1280K, reserved 1048576K
}
Event: 1.972 GC heap before
{Heap before GC invocations=1 (full 0):
 garbage-first heap   total 262144K, used 94054K [0x0000000080000000, 0x0000000100000000)
  region size 1024K, 88 young (90112K), 3 survivors (3072K)
 Metaspace       used 20576K, capacity 21105K, committed 21248K, reserved 1067008K
  class space    used 2525K, capacity 2721K, committed 2816K, reserved 1048576K
}
Event: 1.979 GC heap after
{Heap after GC invocations=2 (full 0):
 garbage-first heap   total 262144K, used 16053K [0x0000000080000000, 0x0000000100000000)
  region size 1024K, 10 young (10240K), 10 survivors (10240K)
 Metaspace       used 20576K, capacity 21105K, committed 21248K, reserved 1067008K
  class space    used 2525K, capacity 2721K, committed 2816K, reserved 1048576K
}

Deoptimization events (20 events):
Event: 2.369 Thread 0x0000021b2ab01000 Uncommon trap: trap_request=0xffffff7e fr.pc=0x0000021b19057234 relative=0x0000000000000154
Event: 2.369 Thread 0x0000021b2ab01000 Uncommon trap: reason=predicate action=maybe_recompile pc=0x0000021b19057234 method=com.google.common.base.CharMatcher.indexIn(Ljava/lang/CharSequence;I)I @ 19 c2
Event: 2.369 Thread 0x0000021b2ab01000 DEOPT PACKING pc=0x0000021b19057234 sp=0x000000dc5e0fbad0
Event: 2.369 Thread 0x0000021b2ab01000 DEOPT UNPACKING pc=0x0000021b115374af sp=0x000000dc5e0fba60 mode 2
Event: 2.384 Thread 0x0000021b2ab01000 Uncommon trap: trap_request=0xffffffde fr.pc=0x0000021b190311e0 relative=0x0000000000000320
Event: 2.384 Thread 0x0000021b2ab01000 Uncommon trap: reason=class_check action=maybe_recompile pc=0x0000021b190311e0 method=java.util.Collections$SetFromMap.remove(Ljava/lang/Object;)Z @ 5 c2
Event: 2.384 Thread 0x0000021b2ab01000 DEOPT PACKING pc=0x0000021b190311e0 sp=0x000000dc5e0fc510
Event: 2.384 Thread 0x0000021b2ab01000 DEOPT UNPACKING pc=0x0000021b115374af sp=0x000000dc5e0fc4f8 mode 2
Event: 2.384 Thread 0x0000021b2ab01000 Uncommon trap: trap_request=0xffffffde fr.pc=0x0000021b190311e0 relative=0x0000000000000320
Event: 2.384 Thread 0x0000021b2ab01000 Uncommon trap: reason=class_check action=maybe_recompile pc=0x0000021b190311e0 method=java.util.Collections$SetFromMap.remove(Ljava/lang/Object;)Z @ 5 c2
Event: 2.384 Thread 0x0000021b2ab01000 DEOPT PACKING pc=0x0000021b190311e0 sp=0x000000dc5e0fc490
Event: 2.384 Thread 0x0000021b2ab01000 DEOPT UNPACKING pc=0x0000021b115374af sp=0x000000dc5e0fc478 mode 2
Event: 2.397 Thread 0x0000021b2ab01000 Uncommon trap: trap_request=0xffffff4d fr.pc=0x0000021b19028828 relative=0x00000000000001e8
Event: 2.398 Thread 0x0000021b2ab01000 Uncommon trap: reason=unstable_if action=reinterpret pc=0x0000021b19028828 method=java.net.URI.match(CJJ)Z @ 19 c2
Event: 2.398 Thread 0x0000021b2ab01000 DEOPT PACKING pc=0x0000021b19028828 sp=0x000000dc5e0fba80
Event: 2.398 Thread 0x0000021b2ab01000 DEOPT UNPACKING pc=0x0000021b115374af sp=0x000000dc5e0fb980 mode 2
Event: 2.437 Thread 0x0000021b2ab01000 Uncommon trap: trap_request=0xffffff4d fr.pc=0x0000021b18ffb8e8 relative=0x0000000000000048
Event: 2.437 Thread 0x0000021b2ab01000 Uncommon trap: reason=unstable_if action=reinterpret pc=0x0000021b18ffb8e8 method=java.net.URI.match(CJJ)Z @ 19 c2
Event: 2.437 Thread 0x0000021b2ab01000 DEOPT PACKING pc=0x0000021b18ffb8e8 sp=0x000000dc5e0fb9c0
Event: 2.437 Thread 0x0000021b2ab01000 DEOPT UNPACKING pc=0x0000021b115374af sp=0x000000dc5e0fb970 mode 2

Classes redefined (0 events):
No events

Internal exceptions (20 events):
Event: 1.671 Thread 0x0000021b2b526800 Exception <a 'java/lang/NoSuchMethodError'{0x000000008c5e1900}: <clinit>> (0x000000008c5e1900) thrown at [./src/hotspot/share/prims/jni.cpp, line 1362]
Event: 1.720 Thread 0x0000021b2ab01000 Exception <a 'java/lang/NoSuchMethodError'{0x000000008c19f3d0}: 'void java.lang.invoke.DelegatingMethodHandle$Holder.reinvoke_L(java.lang.Object, java.lang.Object, java.lang.Object, java.lang.Object)'> (0x000000008c19f3d0) thrown at [./src/hotspot/share/interpreter/linkResolver.cpp, line 773]
Event: 1.724 Thread 0x0000021b2ab01000 Exception <a 'java/lang/NoSuchMethodError'{0x000000008c1d6560}: 'long java.lang.invoke.DirectMethodHandle$Holder.invokeInterface(java.lang.Object, java.lang.Object)'> (0x000000008c1d6560) thrown at [./src/hotspot/share/interpreter/linkResolver.cpp, line 773]
Event: 1.726 Thread 0x0000021b2ab01000 Exception <a 'java/lang/NoSuchMethodError'{0x000000008c1f8078}: 'void java.lang.invoke.DelegatingMethodHandle$Holder.reinvoke_L(java.lang.Object, java.lang.Object, java.lang.Object, java.lang.Object, java.lang.Object, java.lang.Object, java.lang.Object)'> (0x000000008c1f8078) thrown at [./src/hotspot/share/interpreter/linkResolver.cpp, line 773]
Event: 1.855 Thread 0x0000021b2ab01000 Exception <a 'java/lang/NoSuchMethodError'{0x000000008b252580}: 'java.lang.Object java.lang.invoke.DirectMethodHandle$Holder.invokeVirtual(java.lang.Object, java.lang.Object, java.lang.Object)'> (0x000000008b252580) thrown at [./src/hotspot/share/interpreter/linkResolver.cpp, line 773]
Event: 1.879 Thread 0x0000021b2ab01000 Exception <a 'java/lang/NoSuchMethodError'{0x000000008afae350}: 'void java.lang.invoke.DirectMethodHandle$Holder.invokeStaticInit(java.lang.Object)'> (0x000000008afae350) thrown at [./src/hotspot/share/interpreter/linkResolver.cpp, line 773]
Event: 1.965 Thread 0x0000021b2ab01000 Exception <a 'java/lang/NoSuchMethodError'{0x000000008a837960}: 'int java.lang.invoke.DirectMethodHandle$Holder.invokeSpecialIFC(java.lang.Object, java.lang.Object, java.lang.Object, java.lang.Object)'> (0x000000008a837960) thrown at [./src/hotspot/share/interpreter/linkResolver.cpp, line 773]
Event: 1.966 Thread 0x0000021b2ab01000 Exception <a 'java/lang/NoSuchMethodError'{0x000000008a845680}: 'java.lang.Object java.lang.invoke.DirectMethodHandle$Holder.invokeInterface(java.lang.Object, java.lang.Object, java.lang.Object)'> (0x000000008a845680) thrown at [./src/hotspot/share/interpreter/linkResolver.cpp, line 773]
Event: 1.966 Thread 0x0000021b2ab01000 Exception <a 'java/lang/IncompatibleClassChangeError'{0x000000008a848b58}: Found class java.lang.Object, but interface was expected> (0x000000008a848b58) thrown at [./src/hotspot/share/interpreter/linkResolver.cpp, line 839]
Event: 2.030 Thread 0x0000021b2ab01000 Exception <a 'java/lang/NoSuchMethodError'{0x000000008fb02198}: 'void java.lang.invoke.DirectMethodHandle$Holder.invokeSpecial(java.lang.Object, java.lang.Object)'> (0x000000008fb02198) thrown at [./src/hotspot/share/interpreter/linkResolver.cpp, line 773]
Event: 2.098 Thread 0x0000021b2ab01000 Exception <a 'java/lang/NoSuchMethodError'{0x000000008f2bbe60}: 'java.lang.Object java.lang.invoke.DirectMethodHandle$Holder.invokeVirtual(java.lang.Object, java.lang.Object, java.lang.Object, java.lang.Object)'> (0x000000008f2bbe60) thrown at [./src/hotspot/share/interpreter/linkResolver.cpp, line 773]
Event: 2.231 Thread 0x0000021b2ab01000 Exception <a 'java/lang/NoSuchMethodError'{0x000000008e579300}: 'void java.lang.invoke.DirectMethodHandle$Holder.invokeSpecial(java.lang.Object, java.lang.Object, java.lang.Object, java.lang.Object, java.lang.Object, java.lang.Object)'> (0x000000008e579300) thrown at [./src/hotspot/share/interpreter/linkResolver.cpp, line 773]
Event: 2.261 Thread 0x0000021b2ab01000 Exception <a 'java/lang/NoSuchMethodError'{0x000000008e325b38}: 'java.lang.Object java.lang.invoke.Invokers$Holder.invoker(java.lang.Object, java.lang.Object, java.lang.Object)'> (0x000000008e325b38) thrown at [./src/hotspot/share/interpreter/linkResolver.cpp, line 773]
Event: 2.278 Thread 0x0000021b2ab01000 Exception <a 'java/lang/NoSuchMethodError'{0x000000008e226050}: 'void java.lang.invoke.DirectMethodHandle$Holder.invokeSpecial(java.lang.Object, java.lang.Object, java.lang.Object, java.lang.Object, java.lang.Object, java.lang.Object, java.lang.Object)'> (0x000000008e226050) thrown at [./src/hotspot/share/interpreter/linkResolver.cpp, line 773]
Event: 2.279 Thread 0x0000021b2ab01000 Exception <a 'java/lang/NoSuchMethodError'{0x000000008e22e298}: 'java.lang.Object java.lang.invoke.Invokers$Holder.linkToTargetMethod(java.lang.Object, java.lang.Object, java.lang.Object, java.lang.Object, java.lang.Object, java.lang.Object)'> (0x000000008e22e298) thrown at [./src/hotspot/share/interpreter/linkResolver.cpp, line 773]
Event: 2.290 Thread 0x0000021b2ab01000 Exception <a 'java/lang/NoSuchMethodError'{0x000000008e153878}: 'java.lang.Object java.lang.invoke.DirectMethodHandle$Holder.invokeVirtual(java.lang.Object, java.lang.Object, java.lang.Object, java.lang.Object, java.lang.Object, java.lang.Object, java.lang.Object, java.lang.Object, java.lang.Object, java.lang.Object, java.lang.Object, java.lang.Object, java.lang.Object, java.lang.Object, java.lang.Object, java.lang.Object, java.lang.Object)'> (0x000000008e153878) thrown at [./src/hotspot/share/interpreter/
Event: 2.292 Thread 0x0000021b2ab01000 Exception <a 'java/lang/NoSuchMethodError'{0x000000008e185618}: 'java.lang.Object java.lang.invoke.DirectMethodHandle$Holder.invokeSpecial(java.lang.Object, java.lang.Object, java.lang.Object, java.lang.Object, java.lang.Object, java.lang.Object, java.lang.Object, java.lang.Object, java.lang.Object)'> (0x000000008e185618) thrown at [./src/hotspot/share/interpreter/linkResolver.cpp, line 773]
Event: 2.382 Thread 0x0000021b2ab01000 Exception <a 'java/lang/NoSuchMethodError'{0x000000008d8dfb18}: 'java.lang.Object java.lang.invoke.DirectMethodHandle$Holder.invokeStatic(java.lang.Object, java.lang.Object, java.lang.Object, int, java.lang.Object, java.lang.Object)'> (0x000000008d8dfb18) thrown at [./src/hotspot/share/interpreter/linkResolver.cpp, line 773]
Event: 2.382 Thread 0x0000021b2ab01000 Exception <a 'java/lang/NoSuchMethodError'{0x000000008d8e6e80}: 'java.lang.Object java.lang.invoke.Invokers$Holder.linkToTargetMethod(java.lang.Object, java.lang.Object, int, java.lang.Object, java.lang.Object, java.lang.Object)'> (0x000000008d8e6e80) thrown at [./src/hotspot/share/interpreter/linkResolver.cpp, line 773]
Event: 2.434 Thread 0x0000021b2ab01000 Exception <a 'java/lang/NoSuchMethodError'{0x000000008d52ba38}: 'int java.lang.invoke.DirectMethodHandle$Holder.invokeStaticInit(java.lang.Object, java.lang.Object, java.lang.Object)'> (0x000000008d52ba38) thrown at [./src/hotspot/share/interpreter/linkResolver.cpp, line 773]

Events (20 events):
Event: 2.433 loading class org/gradle/internal/snapshot/SnapshotHierarchy$NodeDiffListener$1 done
Event: 2.433 loading class org/gradle/internal/snapshot/VfsRelativePath
Event: 2.433 loading class org/gradle/internal/snapshot/VfsRelativePath done
Event: 2.433 loading class org/gradle/internal/snapshot/PathUtil
Event: 2.433 loading class org/gradle/internal/snapshot/PathUtil done
Event: 2.434 Executing VM operation: RevokeBias
Event: 2.434 Executing VM operation: RevokeBias done
Event: 2.435 loading class org/gradle/internal/snapshot/AbstractCompleteFileSystemLocationSnapshot$PathCompressingSnapshotWrapper
Event: 2.435 loading class org/gradle/internal/snapshot/AbstractCompleteFileSystemLocationSnapshot$PathCompressingSnapshotWrapper done
Event: 2.435 loading class org/gradle/internal/snapshot/AbstractFileSystemNode
Event: 2.435 loading class org/gradle/internal/snapshot/AbstractFileSystemNode done
Event: 2.436 loading class org/gradle/internal/classpath/DefaultCachedClasspathTransformer$TransformFile
Event: 2.436 loading class org/gradle/internal/classpath/DefaultCachedClasspathTransformer$TransformFile done
Event: 2.437 loading class org/gradle/internal/classpath/DefaultCachedClasspathTransformer$TransformFile
Event: 2.437 loading class org/gradle/internal/classpath/DefaultCachedClasspathTransformer$TransformFile done
Event: 2.437 Thread 0x0000021b2aad4800 Thread added: 0x0000021b2aad4800
Event: 2.438 loading class org/gradle/internal/snapshot/SnapshotUtil
Event: 2.438 loading class org/gradle/internal/snapshot/SnapshotUtil done
Event: 2.439 loading class org/gradle/internal/snapshot/SnapshotUtil$PathRelationshipHandler
Event: 2.439 loading class org/gradle/internal/snapshot/SnapshotUtil$PathRelationshipHandler done


Dynamic libraries:
0x00007ff6ef460000 - 0x00007ff6ef46a000 	E:\Android Studio\jre\bin\java.exe
0x00007ffd30950000 - 0x00007ffd30b45000 	C:\Windows\SYSTEM32\ntdll.dll
0x00007ffd2f890000 - 0x00007ffd2f94d000 	C:\Windows\System32\KERNEL32.DLL
0x00007ffd2e6c0000 - 0x00007ffd2e988000 	C:\Windows\System32\KERNELBASE.dll
0x00007ffd2e320000 - 0x00007ffd2e420000 	C:\Windows\System32\ucrtbase.dll
0x00007ffd15930000 - 0x00007ffd15949000 	E:\Android Studio\jre\bin\jli.dll
0x00007ffd0f640000 - 0x00007ffd0f657000 	E:\Android Studio\jre\bin\VCRUNTIME140.dll
0x00007ffd30470000 - 0x00007ffd30610000 	C:\Windows\System32\USER32.dll
0x00007ffd2e990000 - 0x00007ffd2e9b2000 	C:\Windows\System32\win32u.dll
0x00007ffd1f6a0000 - 0x00007ffd1f93a000 	C:\Windows\WinSxS\amd64_microsoft.windows.common-controls_6595b64144ccf1df_6.0.19041.1052_none_60b8f8fd71f5e8cb\COMCTL32.dll
0x00007ffd2ee10000 - 0x00007ffd2ee3a000 	C:\Windows\System32\GDI32.dll
0x00007ffd2f730000 - 0x00007ffd2f7ce000 	C:\Windows\System32\msvcrt.dll
0x00007ffd2e420000 - 0x00007ffd2e52b000 	C:\Windows\System32\gdi32full.dll
0x00007ffd2e5c0000 - 0x00007ffd2e65d000 	C:\Windows\System32\msvcp_win.dll
0x00007ffd2f230000 - 0x00007ffd2f260000 	C:\Windows\System32\IMM32.DLL
0x00007ffced110000 - 0x00007ffced1ad000 	E:\Android Studio\jre\bin\msvcp140.dll
0x00007ffce2dc0000 - 0x00007ffce387c000 	E:\Android Studio\jre\bin\server\jvm.dll
0x00007ffd2f7d0000 - 0x00007ffd2f87c000 	C:\Windows\System32\ADVAPI32.dll
0x00007ffd2ebc0000 - 0x00007ffd2ec5b000 	C:\Windows\System32\sechost.dll
0x00007ffd30100000 - 0x00007ffd3022b000 	C:\Windows\System32\RPCRT4.dll
0x00007ffd2ee40000 - 0x00007ffd2ee48000 	C:\Windows\System32\PSAPI.DLL
0x00007ffd18a30000 - 0x00007ffd18a39000 	C:\Windows\SYSTEM32\WSOCK32.dll
0x00007ffd30090000 - 0x00007ffd300fb000 	C:\Windows\System32\WS2_32.dll
0x00007ffd1fb30000 - 0x00007ffd1fb57000 	C:\Windows\SYSTEM32\WINMM.dll
0x00007ffd27a60000 - 0x00007ffd27a6a000 	C:\Windows\SYSTEM32\VERSION.dll
0x00007ffd2c960000 - 0x00007ffd2c972000 	C:\Windows\SYSTEM32\kernel.appcore.dll
0x00007ffd24430000 - 0x00007ffd24441000 	E:\Android Studio\jre\bin\verify.dll
0x00007ffd180e0000 - 0x00007ffd182c4000 	C:\Windows\SYSTEM32\DBGHELP.DLL
0x00007ffd17d30000 - 0x00007ffd17d5c000 	C:\Windows\SYSTEM32\dbgcore.DLL
0x00007ffd2e530000 - 0x00007ffd2e5b3000 	C:\Windows\System32\bcryptPrimitives.dll
0x00007ffd1ee40000 - 0x00007ffd1ee69000 	E:\Android Studio\jre\bin\java.dll
0x00007ffd29a40000 - 0x00007ffd29a4b000 	E:\Android Studio\jre\bin\jimage.dll
0x00007ffd243b0000 - 0x00007ffd243c8000 	E:\Android Studio\jre\bin\zip.dll
0x00007ffd2f950000 - 0x00007ffd3008f000 	C:\Windows\System32\SHELL32.dll
0x00007ffd2c100000 - 0x00007ffd2c890000 	C:\Windows\SYSTEM32\windows.storage.dll
0x00007ffd2ee50000 - 0x00007ffd2f1a5000 	C:\Windows\System32\combase.dll
0x00007ffd2db00000 - 0x00007ffd2db2c000 	C:\Windows\SYSTEM32\Wldp.dll
0x00007ffd303c0000 - 0x00007ffd3046e000 	C:\Windows\System32\SHCORE.dll
0x00007ffd2f260000 - 0x00007ffd2f2b5000 	C:\Windows\System32\shlwapi.dll
0x00007ffd2dfd0000 - 0x00007ffd2dfef000 	C:\Windows\SYSTEM32\profapi.dll
0x00007ffd23db0000 - 0x00007ffd23dca000 	E:\Android Studio\jre\bin\net.dll
0x00007ffd221b0000 - 0x00007ffd222bb000 	C:\Windows\SYSTEM32\WINHTTP.dll
0x00007ffd2d870000 - 0x00007ffd2d8da000 	C:\Windows\system32\mswsock.dll
0x00007ffd1b360000 - 0x00007ffd1b374000 	E:\Android Studio\jre\bin\nio.dll
0x00007ffd0d700000 - 0x00007ffd0d727000 	E:\AndroidStudioGradleFiles\.gradle\native\fdc75f09e3144964f2cf3f50f0aa648679c211496f362492102eb8c894070792\windows-amd64\native-platform.dll
0x00007ffce8360000 - 0x00007ffce84f6000 	E:\AndroidStudioGradleFiles\.gradle\native\12488b8bf47d2d4c9fbf2f6322a914ad602e24e48041cd04a747c6da556b65c4\windows-amd64\native-platform-file-events.dll
0x00007ffd28f50000 - 0x00007ffd28f5a000 	E:\Android Studio\jre\bin\management.dll
0x00007ffd28ea0000 - 0x00007ffd28eac000 	E:\Android Studio\jre\bin\management_ext.dll
0x00007ffd2da50000 - 0x00007ffd2da68000 	C:\Windows\SYSTEM32\CRYPTSP.dll
0x00007ffd2d1a0000 - 0x00007ffd2d1d4000 	C:\Windows\system32\rsaenh.dll
0x00007ffd2e090000 - 0x00007ffd2e0b7000 	C:\Windows\System32\bcrypt.dll
0x00007ffd2df90000 - 0x00007ffd2dfbe000 	C:\Windows\SYSTEM32\USERENV.dll
0x00007ffd2da40000 - 0x00007ffd2da4c000 	C:\Windows\SYSTEM32\CRYPTBASE.dll
0x00007ffd2d4f0000 - 0x00007ffd2d52b000 	C:\Windows\SYSTEM32\IPHLPAPI.DLL
0x00007ffd30690000 - 0x00007ffd30698000 	C:\Windows\System32\NSI.dll
0x00007ffd27860000 - 0x00007ffd27877000 	C:\Windows\SYSTEM32\dhcpcsvc6.DLL
0x00007ffd27a90000 - 0x00007ffd27aad000 	C:\Windows\SYSTEM32\dhcpcsvc.DLL
0x00007ffd2d530000 - 0x00007ffd2d5fc000 	C:\Windows\SYSTEM32\DNSAPI.dll
0x00007ffd27d20000 - 0x00007ffd27d2b000 	C:\Windows\SYSTEM32\WINNSI.DLL

dbghelp: loaded successfully - version: 4.0.5 - missing functions: none
symbol engine: initialized successfully - sym options: 0x614 - pdb path: .;E:\Android Studio\jre\bin;C:\Windows\SYSTEM32;C:\Windows\WinSxS\amd64_microsoft.windows.common-controls_6595b64144ccf1df_6.0.19041.1052_none_60b8f8fd71f5e8cb;E:\Android Studio\jre\bin\server;E:\AndroidStudioGradleFiles\.gradle\native\fdc75f09e3144964f2cf3f50f0aa648679c211496f362492102eb8c894070792\windows-amd64;E:\AndroidStudioGradleFiles\.gradle\native\12488b8bf47d2d4c9fbf2f6322a914ad602e24e48041cd04a747c6da556b65c4\windows-amd64

VM Arguments:
jvm_args: --add-opens=java.base/java.util=ALL-UNNAMED --add-opens=java.base/java.lang=ALL-UNNAMED --add-opens=java.base/java.lang.invoke=ALL-UNNAMED --add-opens=java.prefs/java.util.prefs=ALL-UNNAMED -Xmx2048m -Dfile.encoding=UTF-8 -Duser.country=US -Duser.language=en -Duser.variant 
java_command: org.gradle.launcher.daemon.bootstrap.GradleDaemon 6.7.1
java_class_path (initial): E:\AndroidStudioGradleFiles\.gradle\wrapper\dists\gradle-6.7.1-bin\bwlcbys1h7rz3272sye1xwiv6\gradle-6.7.1\lib\gradle-launcher-6.7.1.jar
Launcher Type: SUN_STANDARD

[Global flags]
     intx CICompilerCount                          = 4                                         {product} {ergonomic}
     uint ConcGCThreads                            = 2                                         {product} {ergonomic}
     uint G1ConcRefinementThreads                  = 8                                         {product} {ergonomic}
   size_t G1HeapRegionSize                         = 1048576                                   {product} {ergonomic}
    uintx GCDrainStackTargetSize                   = 64                                        {product} {ergonomic}
   size_t InitialHeapSize                          = 268435456                                 {product} {ergonomic}
   size_t MarkStackSize                            = 4194304                                   {product} {ergonomic}
   size_t MaxHeapSize                              = 2147483648                                {product} {command line}
   size_t MaxNewSize                               = 1287651328                                {product} {ergonomic}
   size_t MinHeapDeltaBytes                        = 1048576                                   {product} {ergonomic}
    uintx NonNMethodCodeHeapSize                   = 5836300                                {pd product} {ergonomic}
    uintx NonProfiledCodeHeapSize                  = 122910970                              {pd product} {ergonomic}
    uintx ProfiledCodeHeapSize                     = 122910970                              {pd product} {ergonomic}
    uintx ReservedCodeCacheSize                    = 251658240                              {pd product} {ergonomic}
     bool SegmentedCodeCache                       = true                                      {product} {ergonomic}
     bool UseCompressedClassPointers               = true                                 {lp64_product} {ergonomic}
     bool UseCompressedOops                        = true                                 {lp64_product} {ergonomic}
     bool UseG1GC                                  = true                                      {product} {ergonomic}
     bool UseLargePagesIndividualAllocation        = false                                  {pd product} {ergonomic}

Logging:
Log output configuration:
 #0: stdout all=warning uptime,level,tags
 #1: stderr all=off uptime,level,tags

Environment Variables:
PATH=C:\Program Files (x86)\Common Files\Intel\Shared Libraries\redist\intel64\compiler;C:\Program Files (x86)\NVIDIA Corporation\PhysX\Common;C:\Windows\system32;C:\Windows;C:\Windows\System32\Wbem;C:\Windows\System32\WindowsPowerShell\v1.0\;C:\Windows\System32\OpenSSH\;C:\Program Files\Intel\WiFi\bin\;C:\Program Files\Common Files\Intel\WirelessCommon\;F:\Program Files\Git\cmd;F:\Program Files\Git\mingw64\bin;F:\Program Files\Git\usr\bin;E:\Program Files\nodejs\;C:\Program Files\NVIDIA Corporation\NVIDIA NvDLISR;C:\Users\Adekt\AppData\Local\Microsoft\WindowsApps;C:\Program Files\Intel\WiFi\bin\;C:\Program Files\Common Files\Intel\WirelessCommon\;C:\Users\Adekt\AppData\Roaming\npm
USERNAME=Adekt
OS=Windows_NT
PROCESSOR_IDENTIFIER=Intel64 Family 6 Model 60 Stepping 3, GenuineIntel



---------------  S Y S T E M  ---------------

OS: Windows 10 , 64 bit Build 19041 (10.0.19041.1023)
OS uptime: 0 days 22:49 hours

CPU:total 8 (initial active 8) (4 cores per cpu, 2 threads per core) family 6 model 60 stepping 3, cmov, cx8, fxsr, mmx, sse, sse2, sse3, ssse3, sse4.1, sse4.2, popcnt, avx, avx2, aes, clmul, erms, lzcnt, ht, tsc, tscinvbit, bmi1, bmi2, fma

Memory: 4k page, system-wide physical 16301M (8998M free)
TotalPageFile size 22445M (AvailPageFile size 10876M)
current process WorkingSet (physical memory assigned to process): 236M, peak: 239M
current process commit charge ("private bytes"): 427M, peak: 429M

vm_info: OpenJDK 64-Bit Server VM (11.0.8+10-b944.6842174) for windows-amd64 JRE (11.0.8+10-b944.6842174), built on Sep 19 2020 01:11:42 by "builder" with MS VC++ 14.0 (VS2015)

END.
